【登录信息】
*0a62c18e26790886093c447330334361*
`登陆天数: 39天 / 677天
等级: 130
石头: 4099
呼符: 59
体力: 28.013333333333335 / 138
友情点: 0 / 386205`
_2024-07-01 04:20:26_
--------
*794b11a146cf4e5bfd8bf1dfb37f8cf5*
`登陆天数: 39天 / 677天
等级: 130
石头: 4106
呼符: 323
体力: 27.983333333333334 / 138
友情点: 0 / 367575`
_2024-07-01 04:20:35_
--------
*869935bdb3f557990e9463c39a5fc84e*
`登陆天数: 39天 / 677天
等级: 130
石头: 4096
呼符: 329
体力: 27.950000000000003 / 138
友情点: 0 / 365460`
_2024-07-01 04:20:43_
--------
*4204891a7ad304e59437ba6e9fcf888d*
`登陆天数: 39天 / 677天
等级: 130
石头: 4104
呼符: 308
体力: 27.91666666666667 / 138
友情点: 0 / 366075`
_2024-07-01 04:20:51_
--------
*612a2ba04fa9b4b4eae112c013e39283*
`登陆天数: 39天 / 676天
等级: 130
石头: 4101
呼符: 43
体力: 27.88666666666667 / 138
友情点: 0 / 402590`
_2024-07-01 04:20:59_
--------
*e33b82ae8f432438164e3188479adfd4*
`登陆天数: 39天 / 676天
等级: 130
石头: 4052
呼符: 329
体力: 27.85666666666667 / 138
友情点: 0 / 368420`
_2024-07-01 04:21:07_
--------
*5cb3fc21ffde8ff97331bf2bc615f922*
`登陆天数: 39天 / 676天
等级: 130
石头: 4099
呼符: 111
体力: 27.83 / 138
友情点: 0 / 381555`
_2024-07-01 04:21:15_
--------
*1424fb88578fb0510168b43bdb942bdd*
`登陆天数: 39天 / 676天
等级: 130
石头: 4099
呼符: 77
体力: 27.803333333333327 / 138
友情点: 0 / 387355`
_2024-07-01 04:21:23_
--------
*2348592468fe7a90dffabbca982e5b10*
`登陆天数: 39天 / 676天
等级: 130
石头: 4098
呼符: 43
体力: 27.773333333333326 / 138
友情点: 0 / 386740`
_2024-07-01 04:21:31_
--------
*9b233ec48f0aebf215db9099f75e2314*
`登陆天数: 39天 / 677天
等级: 130
石头: 4092
呼符: 340
体力: 27.74333333333334 / 138
友情点: 0 / 366985`
_2024-07-01 04:21:39_
--------
*fd318cb78011cd5d1af546eeb7bb4b94*
`登陆天数: 39天 / 677天
等级: 130
石头: 4057
呼符: 337
体力: 27.709999999999994 / 138
友情点: 0 / 365750`
_2024-07-01 04:21:47_
--------
*692604e9941cbeec2b0b3ee54ae7804d*
`登陆天数: 39天 / 677天
等级: 130
石头: 4097
呼符: 274
体力: 27.680000000000007 / 138
友情点: 0 / 365675`
_2024-07-01 04:21:55_
--------
*19b0e1a2228ce591e28b0d022b6da1ca*
`登陆天数: 39天 / 677天
等级: 130
石头: 4102
呼符: 94
体力: 27.64666666666666 / 138
友情点: 0 / 392560`
_2024-07-01 04:22:03_
--------
*19ef3504c876bd29e4c5eb178d504bca*
`登陆天数: 39天 / 676天
等级: 130
石头: 4077
呼符: 285
体力: 27.620000000000005 / 138
友情点: 0 / 365950`
_2024-07-01 04:22:11_
--------
*5e2131975b61e566df8ab7d3533f01d2*
`登陆天数: 39天 / 676天
等级: 130
石头: 4100
呼符: 222
体力: 27.590000000000003 / 138
友情点: 0 / 366150`
_2024-07-01 04:22:19_
--------
*77183952f89cd2befcb60d93f6f3b0fb*
`登陆天数: 39天 / 676天
等级: 130
石头: 4096
呼符: 137
体力: 27.556666666666672 / 138
友情点: 0 / 381935`
_2024-07-01 04:22:27_
--------
*a2d111d33adad87037fe3d9ae11c00ef*
`登陆天数: 39天 / 676天
等级: 130
石头: 4098
呼符: 43
体力: 27.52666666666667 / 138
友情点: 0 / 390035`
_2024-07-01 04:22:35_
--------
*92b9264415d56def0af7b3d01e734896*
`登陆天数: 40天 / 678天
等级: 130
石头: 4105
呼符: 300
体力: 27.49666666666667 / 138
友情点: 0 / 365315`
_2024-07-01 04:22:43_
--------
*d95136c6a9962e3429ac9025bc2be43d*
`登陆天数: 40天 / 677天
等级: 130
石头: 4099
呼符: 179
体力: 27.46666666666667 / 138
友情点: 0 / 368440`
_2024-07-01 04:22:51_
--------
*c1903336d6a4a100128eb0db008e7338*
`登陆天数: 39天 / 677天
等级: 130
石头: 4090
呼符: 226
体力: 27.436666666666667 / 138
友情点: 0 / 368520`
_2024-07-01 04:22:59_
--------
*e86d748fa3290322649a8680760f0519*
`登陆天数: 39天 / 676天
等级: 130
石头: 4103
呼符: 190
体力: 27.403333333333336 / 138
友情点: 0 / 368190`
_2024-07-01 04:23:07_
--------
*25c4b0f5786e8cbae7de775e47ea797d*
`登陆天数: 39天 / 676天
等级: 130
石头: 4106
呼符: 136
体力: 27.373333333333335 / 138
友情点: 0 / 380295`
_2024-07-01 04:23:14_
--------
*c94f8fb36a40f6022e81c3fac4426aa0*
`登陆天数: 39天 / 676天
等级: 130
石头: 4080
呼符: 99
体力: 27.343333333333334 / 138
友情点: 0 / 378335`
_2024-07-01 04:23:22_
--------
*55ddef8f1bc8f01e1753b3e72dc30a5f*
`登陆天数: 39天 / 676天
等级: 130
石头: 4088
呼符: 329
体力: 27.316666666666663 / 138
友情点: 0 / 366505`
_2024-07-01 04:23:30_
--------
*16decacabe495a74848cfc1b7124673d*
`登陆天数: 39天 / 677天
等级: 130
石头: 4087
呼符: 304
体力: 27.28666666666666 / 138
友情点: 0 / 367800`
_2024-07-01 04:23:39_
--------
*f287e413d279c4ebbef4732751cab640*
`登陆天数: 39天 / 676天
等级: 130
石头: 4097
呼符: 172
体力: 27.25666666666666 / 138
友情点: 0 / 370750`
_2024-07-01 04:23:46_
--------
*57cf3a3a73d2edebd9f130be3d16efa8*
`登陆天数: 39天 / 676天
等级: 130
石头: 4100
呼符: 337
体力: 27.226666666666674 / 138
友情点: 0 / 366770`
_2024-07-01 04:23:54_
--------
*d350c31765994643f0e6ddea1e9d06bc*
`登陆天数: 39天 / 676天
等级: 130
石头: 4096
呼符: 63
体力: 27.196666666666673 / 138
友情点: 0 / 383985`
_2024-07-01 04:24:02_
--------
*4e55cf445ee0c2ef6253265cd6a3a929*
`登陆天数: 39天 / 677天
等级: 130
石头: 4080
呼符: 280
体力: 27.16666666666667 / 138
友情点: 0 / 368230`
_2024-07-01 04:24:09_
--------
*dad5adc84ce5abe077fda114f16a9d05*
`登陆天数: 39天 / 677天
等级: 130
石头: 4092
呼符: 339
体力: 27.13666666666667 / 138
友情点: 0 / 366680`
_2024-07-01 04:24:17_
--------
*921d1c4ed87ac1ab10c1b0a04bd2c8ed*
`登陆天数: 39天 / 676天
等级: 130
石头: 4099
呼符: 205
体力: 27.10666666666667 / 138
友情点: 0 / 367000`
_2024-07-01 04:24:25_
--------
*40f3d861aee0cf84d4a0840d8c372a5b*
`登陆天数: 39天 / 677天
等级: 130
石头: 4103
呼符: 44
体力: 27.08 / 138
友情点: 0 / 383945`
_2024-07-01 04:24:33_
--------
*603275524416c3912f5024c92d0f961c*
`登陆天数: 39天 / 677天
等级: 130
石头: 4096
呼符: 128
体力: 27.049999999999997 / 138
友情点: 0 / 371960`
_2024-07-01 04:24:41_
--------
*8bf7f0b496e73e90108108064c8d1025*
`登陆天数: 39天 / 677天
等级: 130
石头: 4103
呼符: 325
体力: 27.019999999999996 / 138
友情点: 0 / 366470`
_2024-07-01 04:24:49_
--------
*b38de19acd62fb60fb8f48094a7e6813*
`登陆天数: 39天 / 676天
等级: 130
石头: 4089
呼符: 283
体力: 26.989999999999995 / 138
友情点: 0 / 367815`
_2024-07-01 04:24:57_
--------
*f6068f076a4e7f9a194989fc309aa340*
`登陆天数: 39天 / 677天
等级: 130
石头: 4096
呼符: 306
体力: 26.959999999999994 / 138
友情点: 0 / 368150`
_2024-07-01 04:25:04_
--------
*3d3c0c635910338891ca3735b496d68b*
`登陆天数: 39天 / 677天
等级: 130
石头: 4102
呼符: 270
体力: 26.933333333333337 / 138
友情点: 0 / 367440`
_2024-07-01 04:25:12_
--------
*f85936368c865168333f51d37af18328*
`登陆天数: 39天 / 676天
等级: 130
石头: 4104
呼符: 311
体力: 26.900000000000006 / 138
友情点: 0 / 366415`
_2024-07-01 04:25:20_
--------
*0e127942d2b21f0f50bb59b200354392*
`登陆天数: 39天 / 676天
等级: 130
石头: 4056
呼符: 43
体力: 26.86666666666666 / 138
友情点: 0 / 382935`
_2024-07-01 04:25:28_
--------
*9278fb48ad8e6de8eea81e0bacf56a50*
`登陆天数: 39天 / 676天
等级: 130
石头: 4071
呼符: 334
体力: 26.843333333333334 / 138
友情点: 0 / 367065`
_2024-07-01 04:25:36_
--------
*fccb293dd278a1ddbe1c4e640e5d8090*
`登陆天数: 39天 / 676天
等级: 130
石头: 4105
呼符: 53
体力: 26.813333333333333 / 138
友情点: 0 / 384425`
_2024-07-01 04:25:44_
--------
*e26c99efcc945ff9fce53bea9cbbd044*
`登陆天数: 39天 / 676天
等级: 130
石头: 4087
呼符: 158
体力: 26.78333333333333 / 138
友情点: 0 / 368595`
_2024-07-01 04:25:52_
--------
*fc7a7e0a25e6e85660990a6936b8a0f0*
`登陆天数: 39天 / 676天
等级: 130
石头: 4104
呼符: 313
体力: 26.75333333333333 / 138
友情点: 0 / 367775`
_2024-07-01 04:26:00_
--------
*cebfff55ba19ca3a7e5a1f3940a83ac0*
`登陆天数: 39天 / 676天
等级: 130
石头: 4099
呼符: 248
体力: 26.72333333333333 / 138
友情点: 0 / 367585`
_2024-07-01 04:26:08_
--------
*6767965d649129adb0955418f8601cee*
`登陆天数: 39天 / 676天
等级: 130
石头: 4097
呼符: 292
体力: 26.693333333333328 / 138
友情点: 0 / 371925`
_2024-07-01 04:26:16_
--------
*979aafaf82d347a492d0bbf372a5b43a*
`登陆天数: 39天 / 677天
等级: 130
石头: 4095
呼符: 44
体力: 26.659999999999997 / 138
友情点: 0 / 392405`
_2024-07-01 04:26:23_
--------
*2447b142c61b9ad7ceaac321c88153cb*
`登陆天数: 39天 / 677天
等级: 130
石头: 4098
呼符: 330
体力: 26.626666666666665 / 138
友情点: 0 / 365640`
_2024-07-01 04:26:31_
--------
*58e2bbca08853ce0bb8071a5e9d0ee89*
`登陆天数: 39天 / 676天
等级: 130
石头: 4090
呼符: 151
体力: 26.60333333333334 / 138
友情点: 0 / 385065`
_2024-07-01 04:26:39_
--------
*25d49ff78b6eb76ebd8cdee0b5df4e05*
`登陆天数: 39天 / 677天
等级: 130
石头: 4100
呼符: 212
体力: 26.573333333333338 / 138
友情点: 0 / 365655`
_2024-07-01 04:26:47_
--------
*d4e316ee7b1f93fb6a25aae62d13847d*
`登陆天数: 39天 / 677天
等级: 130
石头: 4095
呼符: 294
体力: 26.35333333333334 / 138
友情点: 0 / 383320`
_2024-07-01 04:26:55_
--------
