【登录信息】
*0a62c18e26790886093c447330334361*
`登陆天数: 24天 / 662天
等级: 130
石头: 4063
呼符: 50
体力: 30.323333333333338 / 138
友情点: 0 / 452205`
_2024-06-16 04:30:17_
--------
*794b11a146cf4e5bfd8bf1dfb37f8cf5*
`登陆天数: 24天 / 662天
等级: 130
石头: 4070
呼符: 314
体力: 30.296666666666667 / 138
友情点: 0 / 453575`
_2024-06-16 04:30:25_
--------
*869935bdb3f557990e9463c39a5fc84e*
`登陆天数: 24天 / 662天
等级: 130
石头: 4060
呼符: 320
体力: 30.269999999999996 / 138
友情点: 0 / 451460`
_2024-06-16 04:30:33_
--------
*4204891a7ad304e59437ba6e9fcf888d*
`登陆天数: 24天 / 662天
等级: 130
石头: 4068
呼符: 299
体力: 30.24333333333334 / 138
友情点: 0 / 452075`
_2024-06-16 04:30:41_
--------
*612a2ba04fa9b4b4eae112c013e39283*
`登陆天数: 24天 / 661天
等级: 130
石头: 4065
呼符: 34
体力: 30.21666666666667 / 138
友情点: 0 / 452590`
_2024-06-16 04:30:49_
--------
*e33b82ae8f432438164e3188479adfd4*
`登陆天数: 24天 / 661天
等级: 130
石头: 4016
呼符: 320
体力: 30.189999999999998 / 138
友情点: 0 / 452420`
_2024-06-16 04:30:57_
--------
*5cb3fc21ffde8ff97331bf2bc615f922*
`登陆天数: 24天 / 661天
等级: 130
石头: 4063
呼符: 102
体力: 30.163333333333327 / 138
友情点: 0 / 453555`
_2024-06-16 04:31:05_
--------
*1424fb88578fb0510168b43bdb942bdd*
`登陆天数: 24天 / 661天
等级: 130
石头: 4063
呼符: 68
体力: 30.13666666666667 / 138
友情点: 0 / 453355`
_2024-06-16 04:31:14_
--------
*2348592468fe7a90dffabbca982e5b10*
`登陆天数: 24天 / 661天
等级: 130
石头: 4062
呼符: 34
体力: 30.11 / 138
友情点: 0 / 454740`
_2024-06-16 04:31:22_
--------
*9b233ec48f0aebf215db9099f75e2314*
`登陆天数: 24天 / 662天
等级: 130
石头: 4056
呼符: 331
体力: 30.08333333333333 / 138
友情点: 0 / 452985`
_2024-06-16 04:31:29_
--------
*fd318cb78011cd5d1af546eeb7bb4b94*
`登陆天数: 24天 / 662天
等级: 130
石头: 4021
呼符: 328
体力: 30.056666666666672 / 138
友情点: 0 / 451750`
_2024-06-16 04:31:37_
--------
*692604e9941cbeec2b0b3ee54ae7804d*
`登陆天数: 24天 / 662天
等级: 130
石头: 4061
呼符: 265
体力: 30.03333333333333 / 138
友情点: 0 / 451675`
_2024-06-16 04:31:45_
--------
*19b0e1a2228ce591e28b0d022b6da1ca*
`登陆天数: 24天 / 662天
等级: 130
石头: 4066
呼符: 85
体力: 30.00333333333333 / 138
友情点: 0 / 452560`
_2024-06-16 04:31:53_
--------
*19ef3504c876bd29e4c5eb178d504bca*
`登陆天数: 24天 / 661天
等级: 130
石头: 4041
呼符: 276
体力: 29.976666666666674 / 138
友情点: 0 / 451950`
_2024-06-16 04:32:01_
--------
*5e2131975b61e566df8ab7d3533f01d2*
`登陆天数: 24天 / 661天
等级: 130
石头: 4064
呼符: 213
体力: 29.950000000000003 / 138
友情点: 0 / 452150`
_2024-06-16 04:32:09_
--------
*77183952f89cd2befcb60d93f6f3b0fb*
`登陆天数: 24天 / 661天
等级: 130
石头: 4060
呼符: 128
体力: 29.923333333333332 / 138
友情点: 0 / 451935`
_2024-06-16 04:32:17_
--------
*a2d111d33adad87037fe3d9ae11c00ef*
`登陆天数: 24天 / 661天
等级: 130
石头: 4062
呼符: 34
体力: 29.89666666666666 / 138
友情点: 0 / 452035`
_2024-06-16 04:32:25_
--------
*92b9264415d56def0af7b3d01e734896*
`登陆天数: 25天 / 663天
等级: 130
石头: 4070
呼符: 291
体力: 29.870000000000005 / 138
友情点: 0 / 451315`
_2024-06-16 04:32:33_
--------
*d95136c6a9962e3429ac9025bc2be43d*
`登陆天数: 25天 / 662天
等级: 130
石头: 4064
呼符: 170
体力: 29.846666666666664 / 138
友情点: 0 / 452440`
_2024-06-16 04:32:41_
--------
*c1903336d6a4a100128eb0db008e7338*
`登陆天数: 24天 / 662天
等级: 130
石头: 4054
呼符: 217
体力: 29.819999999999993 / 138
友情点: 0 / 454520`
_2024-06-16 04:32:49_
--------
*e86d748fa3290322649a8680760f0519*
`登陆天数: 24天 / 661天
等级: 130
石头: 4067
呼符: 181
体力: 29.796666666666667 / 138
友情点: 0 / 454190`
_2024-06-16 04:32:57_
--------
*25c4b0f5786e8cbae7de775e47ea797d*
`登陆天数: 24天 / 661天
等级: 130
石头: 4070
呼符: 127
体力: 29.769999999999996 / 138
友情点: 0 / 452295`
_2024-06-16 04:33:05_
--------
*c94f8fb36a40f6022e81c3fac4426aa0*
`登陆天数: 24天 / 661天
等级: 130
石头: 4044
呼符: 90
体力: 29.74333333333334 / 138
友情点: 0 / 452335`
_2024-06-16 04:33:13_
--------
*55ddef8f1bc8f01e1753b3e72dc30a5f*
`登陆天数: 24天 / 661天
等级: 130
石头: 4052
呼符: 320
体力: 29.72 / 138
友情点: 0 / 452505`
_2024-06-16 04:33:21_
--------
*16decacabe495a74848cfc1b7124673d*
`登陆天数: 24天 / 662天
等级: 130
石头: 4051
呼符: 295
体力: 29.689999999999998 / 138
友情点: 0 / 453800`
_2024-06-16 04:33:29_
--------
*f287e413d279c4ebbef4732751cab640*
`登陆天数: 24天 / 661天
等级: 130
石头: 4061
呼符: 163
体力: 29.66666666666667 / 138
友情点: 0 / 452750`
_2024-06-16 04:33:37_
--------
*57cf3a3a73d2edebd9f130be3d16efa8*
`登陆天数: 24天 / 661天
等级: 130
石头: 4064
呼符: 328
体力: 29.64 / 138
友情点: 0 / 452770`
_2024-06-16 04:33:45_
--------
*d350c31765994643f0e6ddea1e9d06bc*
`登陆天数: 24天 / 661天
等级: 130
石头: 4060
呼符: 54
体力: 29.61333333333333 / 138
友情点: 0 / 451985`
_2024-06-16 04:33:53_
--------
*4e55cf445ee0c2ef6253265cd6a3a929*
`登陆天数: 24天 / 662天
等级: 130
石头: 4044
呼符: 271
体力: 29.58333333333333 / 138
友情点: 0 / 454230`
_2024-06-16 04:34:01_
--------
*dad5adc84ce5abe077fda114f16a9d05*
`登陆天数: 24天 / 662天
等级: 130
石头: 4056
呼符: 330
体力: 29.556666666666672 / 138
友情点: 0 / 452680`
_2024-06-16 04:34:09_
--------
*921d1c4ed87ac1ab10c1b0a04bd2c8ed*
`登陆天数: 24天 / 661天
等级: 130
石头: 4063
呼符: 196
体力: 29.53 / 138
友情点: 0 / 453000`
_2024-06-16 04:34:17_
--------
*40f3d861aee0cf84d4a0840d8c372a5b*
`登陆天数: 24天 / 662天
等级: 130
石头: 4067
呼符: 35
体力: 29.510000000000005 / 138
友情点: 0 / 451945`
_2024-06-16 04:34:25_
--------
*603275524416c3912f5024c92d0f961c*
`登陆天数: 24天 / 662天
等级: 130
石头: 4060
呼符: 119
体力: 29.483333333333334 / 138
友情点: 0 / 451960`
_2024-06-16 04:34:33_
--------
*8bf7f0b496e73e90108108064c8d1025*
`登陆天数: 24天 / 662天
等级: 130
石头: 4067
呼符: 316
体力: 29.456666666666663 / 138
友情点: 0 / 452470`
_2024-06-16 04:34:41_
--------
*b38de19acd62fb60fb8f48094a7e6813*
`登陆天数: 24天 / 661天
等级: 130
石头: 4053
呼符: 274
体力: 29.430000000000007 / 138
友情点: 0 / 453815`
_2024-06-16 04:34:49_
--------
*f6068f076a4e7f9a194989fc309aa340*
`登陆天数: 24天 / 662天
等级: 130
石头: 4060
呼符: 297
体力: 29.400000000000006 / 138
友情点: 0 / 454150`
_2024-06-16 04:34:57_
--------
*3d3c0c635910338891ca3735b496d68b*
`登陆天数: 24天 / 662天
等级: 130
石头: 4066
呼符: 261
体力: 29.373333333333335 / 138
友情点: 0 / 453440`
_2024-06-16 04:35:05_
--------
*f85936368c865168333f51d37af18328*
`登陆天数: 24天 / 661天
等级: 130
石头: 4068
呼符: 302
体力: 29.349999999999994 / 138
友情点: 0 / 452415`
_2024-06-16 04:35:13_
--------
*0e127942d2b21f0f50bb59b200354392*
`登陆天数: 24天 / 661天
等级: 130
石头: 4020
呼符: 34
体力: 29.323333333333338 / 138
友情点: 0 / 452935`
_2024-06-16 04:35:21_
--------
*9278fb48ad8e6de8eea81e0bacf56a50*
`登陆天数: 24天 / 661天
等级: 130
石头: 4035
呼符: 325
体力: 29.299999999999997 / 138
友情点: 0 / 453065`
_2024-06-16 04:35:29_
--------
*fccb293dd278a1ddbe1c4e640e5d8090*
`登陆天数: 24天 / 661天
等级: 130
石头: 4069
呼符: 44
体力: 29.273333333333326 / 138
友情点: 0 / 452425`
_2024-06-16 04:35:37_
--------
*e26c99efcc945ff9fce53bea9cbbd044*
`登陆天数: 24天 / 661天
等级: 130
石头: 4051
呼符: 149
体力: 29.24666666666667 / 138
友情点: 0 / 452595`
_2024-06-16 04:35:45_
--------
*fc7a7e0a25e6e85660990a6936b8a0f0*
`登陆天数: 24天 / 661天
等级: 130
石头: 4068
呼符: 304
体力: 29.22 / 138
友情点: 0 / 453775`
_2024-06-16 04:35:53_
--------
*cebfff55ba19ca3a7e5a1f3940a83ac0*
`登陆天数: 24天 / 661天
等级: 130
石头: 4063
呼符: 239
体力: 29.193333333333328 / 138
友情点: 0 / 451585`
_2024-06-16 04:36:01_
--------
*6767965d649129adb0955418f8601cee*
`登陆天数: 24天 / 661天
等级: 130
石头: 4061
呼符: 283
体力: 29.16666666666667 / 138
友情点: 0 / 455925`
_2024-06-16 04:36:09_
--------
*979aafaf82d347a492d0bbf372a5b43a*
`登陆天数: 24天 / 662天
等级: 130
石头: 4059
呼符: 35
体力: 29.14 / 138
友情点: 0 / 452405`
_2024-06-16 04:36:17_
--------
*2447b142c61b9ad7ceaac321c88153cb*
`登陆天数: 24天 / 662天
等级: 130
石头: 4062
呼符: 321
体力: 29.11333333333333 / 138
友情点: 0 / 451640`
_2024-06-16 04:36:25_
--------
*58e2bbca08853ce0bb8071a5e9d0ee89*
`登陆天数: 24天 / 661天
等级: 130
石头: 4054
呼符: 142
体力: 29.090000000000003 / 138
友情点: 0 / 451065`
_2024-06-16 04:36:33_
--------
*25d49ff78b6eb76ebd8cdee0b5df4e05*
`登陆天数: 24天 / 662天
等级: 130
石头: 4064
呼符: 203
体力: 29.063333333333333 / 138
友情点: 0 / 451655`
_2024-06-16 04:36:42_
--------
*d4e316ee7b1f93fb6a25aae62d13847d*
`登陆天数: 24天 / 662天
等级: 130
石头: 4059
呼符: 285
体力: 14.950000000000003 / 138
友情点: 0 / 469320`
_2024-06-16 04:36:50_
--------
