【登录信息】
*0a62c18e26790886093c447330334361*
`登陆天数: 25天 / 663天
等级: 130
石头: 4064
呼符: 50
体力: 30.74666666666667 / 138
友情点: 0 / 446205`
_2024-06-17 04:34:35_
--------
*794b11a146cf4e5bfd8bf1dfb37f8cf5*
`登陆天数: 25天 / 663天
等级: 130
石头: 4071
呼符: 314
体力: 30.72 / 138
友情点: 0 / 447575`
_2024-06-17 04:34:43_
--------
*869935bdb3f557990e9463c39a5fc84e*
`登陆天数: 25天 / 663天
等级: 130
石头: 4061
呼符: 320
体力: 30.693333333333328 / 138
友情点: 0 / 445460`
_2024-06-17 04:34:51_
--------
*4204891a7ad304e59437ba6e9fcf888d*
`登陆天数: 25天 / 663天
等级: 130
石头: 4069
呼符: 299
体力: 30.663333333333327 / 138
友情点: 0 / 446075`
_2024-06-17 04:34:59_
--------
*612a2ba04fa9b4b4eae112c013e39283*
`登陆天数: 25天 / 662天
等级: 130
石头: 4066
呼符: 34
体力: 30.63333333333334 / 138
友情点: 0 / 446590`
_2024-06-17 04:35:07_
--------
*e33b82ae8f432438164e3188479adfd4*
`登陆天数: 25天 / 662天
等级: 130
石头: 4017
呼符: 320
体力: 30.60666666666667 / 138
友情点: 0 / 446420`
_2024-06-17 04:35:15_
--------
*5cb3fc21ffde8ff97331bf2bc615f922*
`登陆天数: 25天 / 662天
等级: 130
石头: 4064
呼符: 102
体力: 30.58 / 138
友情点: 0 / 447555`
_2024-06-17 04:35:23_
--------
*1424fb88578fb0510168b43bdb942bdd*
`登陆天数: 25天 / 662天
等级: 130
石头: 4064
呼符: 68
体力: 30.553333333333327 / 138
友情点: 0 / 447355`
_2024-06-17 04:35:30_
--------
*2348592468fe7a90dffabbca982e5b10*
`登陆天数: 25天 / 662天
等级: 130
石头: 4063
呼符: 34
体力: 30.523333333333326 / 138
友情点: 0 / 448740`
_2024-06-17 04:35:39_
--------
*9b233ec48f0aebf215db9099f75e2314*
`登陆天数: 25天 / 663天
等级: 130
石头: 4057
呼符: 331
体力: 30.5 / 138
友情点: 0 / 446985`
_2024-06-17 04:35:47_
--------
*fd318cb78011cd5d1af546eeb7bb4b94*
`登陆天数: 25天 / 663天
等级: 130
石头: 4022
呼符: 328
体力: 30.47 / 138
友情点: 0 / 445750`
_2024-06-17 04:35:54_
--------
*692604e9941cbeec2b0b3ee54ae7804d*
`登陆天数: 25天 / 663天
等级: 130
石头: 4062
呼符: 265
体力: 30.446666666666673 / 138
友情点: 0 / 445675`
_2024-06-17 04:36:02_
--------
*19b0e1a2228ce591e28b0d022b6da1ca*
`登陆天数: 25天 / 663天
等级: 130
石头: 4067
呼符: 85
体力: 30.42 / 138
友情点: 0 / 446560`
_2024-06-17 04:36:10_
--------
*19ef3504c876bd29e4c5eb178d504bca*
`登陆天数: 25天 / 662天
等级: 130
石头: 4042
呼符: 276
体力: 30.39333333333333 / 138
友情点: 0 / 445950`
_2024-06-17 04:36:18_
--------
*5e2131975b61e566df8ab7d3533f01d2*
`登陆天数: 25天 / 662天
等级: 130
石头: 4065
呼符: 213
体力: 30.36666666666666 / 138
友情点: 0 / 446150`
_2024-06-17 04:36:26_
--------
*77183952f89cd2befcb60d93f6f3b0fb*
`登陆天数: 25天 / 662天
等级: 130
石头: 4061
呼符: 128
体力: 30.340000000000003 / 138
友情点: 0 / 445935`
_2024-06-17 04:36:34_
--------
*a2d111d33adad87037fe3d9ae11c00ef*
`登陆天数: 25天 / 662天
等级: 130
石头: 4063
呼符: 34
体力: 30.313333333333333 / 138
友情点: 0 / 446035`
_2024-06-17 04:36:42_
--------
*92b9264415d56def0af7b3d01e734896*
`登陆天数: 26天 / 664天
等级: 130
石头: 4070
呼符: 291
体力: 30.28666666666666 / 138
友情点: 0 / 445315`
_2024-06-17 04:36:50_
--------
*d95136c6a9962e3429ac9025bc2be43d*
`登陆天数: 26天 / 663天
等级: 130
石头: 4064
呼符: 170
体力: 30.25666666666666 / 138
友情点: 0 / 446440`
_2024-06-17 04:36:58_
--------
*c1903336d6a4a100128eb0db008e7338*
`登陆天数: 25天 / 663天
等级: 130
石头: 4055
呼符: 217
体力: 30.230000000000004 / 138
友情点: 0 / 448520`
_2024-06-17 04:37:06_
--------
*e86d748fa3290322649a8680760f0519*
`登陆天数: 25天 / 662天
等级: 130
石头: 4068
呼符: 181
体力: 30.203333333333333 / 138
友情点: 0 / 448190`
_2024-06-17 04:37:14_
--------
*25c4b0f5786e8cbae7de775e47ea797d*
`登陆天数: 25天 / 662天
等级: 130
石头: 4071
呼符: 127
体力: 30.180000000000007 / 138
友情点: 0 / 446295`
_2024-06-17 04:37:22_
--------
*c94f8fb36a40f6022e81c3fac4426aa0*
`登陆天数: 25天 / 662天
等级: 130
石头: 4045
呼符: 90
体力: 30.156666666666666 / 138
友情点: 0 / 446335`
_2024-06-17 04:37:30_
--------
*55ddef8f1bc8f01e1753b3e72dc30a5f*
`登陆天数: 25天 / 662天
等级: 130
石头: 4053
呼符: 320
体力: 30.129999999999995 / 138
友情点: 0 / 446505`
_2024-06-17 04:37:38_
--------
*16decacabe495a74848cfc1b7124673d*
`登陆天数: 25天 / 663天
等级: 130
石头: 4052
呼符: 295
体力: 30.10333333333334 / 138
友情点: 0 / 447800`
_2024-06-17 04:37:46_
--------
*f287e413d279c4ebbef4732751cab640*
`登陆天数: 25天 / 662天
等级: 130
石头: 4062
呼符: 163
体力: 30.076666666666668 / 138
友情点: 0 / 446750`
_2024-06-17 04:37:54_
--------
*57cf3a3a73d2edebd9f130be3d16efa8*
`登陆天数: 25天 / 662天
等级: 130
石头: 4065
呼符: 328
体力: 30.049999999999997 / 138
友情点: 0 / 446770`
_2024-06-17 04:38:02_
--------
*d350c31765994643f0e6ddea1e9d06bc*
`登陆天数: 25天 / 662天
等级: 130
石头: 4061
呼符: 54
体力: 30.023333333333326 / 138
友情点: 0 / 445985`
_2024-06-17 04:38:10_
--------
*4e55cf445ee0c2ef6253265cd6a3a929*
`登陆天数: 25天 / 663天
等级: 130
石头: 4045
呼符: 271
体力: 29.99666666666667 / 138
友情点: 0 / 448230`
_2024-06-17 04:38:18_
--------
*dad5adc84ce5abe077fda114f16a9d05*
`登陆天数: 25天 / 663天
等级: 130
石头: 4057
呼符: 330
体力: 29.97 / 138
友情点: 0 / 446680`
_2024-06-17 04:38:26_
--------
*921d1c4ed87ac1ab10c1b0a04bd2c8ed*
`登陆天数: 25天 / 662天
等级: 130
石头: 4064
呼符: 196
体力: 29.943333333333328 / 138
友情点: 0 / 447000`
_2024-06-17 04:38:34_
--------
*40f3d861aee0cf84d4a0840d8c372a5b*
`登陆天数: 25天 / 663天
等级: 130
石头: 4068
呼符: 35
体力: 29.91666666666667 / 138
友情点: 0 / 445945`
_2024-06-17 04:38:42_
--------
*603275524416c3912f5024c92d0f961c*
`登陆天数: 25天 / 663天
等级: 130
石头: 4061
呼符: 119
体力: 29.89 / 138
友情点: 0 / 445960`
_2024-06-17 04:38:50_
--------
*8bf7f0b496e73e90108108064c8d1025*
`登陆天数: 25天 / 663天
等级: 130
石头: 4068
呼符: 316
体力: 29.86666666666666 / 138
友情点: 0 / 446470`
_2024-06-17 04:38:58_
--------
*b38de19acd62fb60fb8f48094a7e6813*
`登陆天数: 25天 / 662天
等级: 130
石头: 4054
呼符: 274
体力: 29.840000000000003 / 138
友情点: 0 / 447815`
_2024-06-17 04:39:06_
--------
*f6068f076a4e7f9a194989fc309aa340*
`登陆天数: 25天 / 663天
等级: 130
石头: 4061
呼符: 297
体力: 29.813333333333333 / 138
友情点: 0 / 448150`
_2024-06-17 04:39:14_
--------
*3d3c0c635910338891ca3735b496d68b*
`登陆天数: 25天 / 663天
等级: 130
石头: 4067
呼符: 261
体力: 29.78666666666666 / 138
友情点: 0 / 447440`
_2024-06-17 04:39:22_
--------
*f85936368c865168333f51d37af18328*
`登陆天数: 25天 / 662天
等级: 130
石头: 4069
呼符: 302
体力: 29.75666666666666 / 138
友情点: 0 / 446415`
_2024-06-17 04:39:30_
--------
*0e127942d2b21f0f50bb59b200354392*
`登陆天数: 25天 / 662天
等级: 130
石头: 4021
呼符: 34
体力: 29.730000000000004 / 138
友情点: 0 / 446935`
_2024-06-17 04:39:38_
--------
*9278fb48ad8e6de8eea81e0bacf56a50*
`登陆天数: 25天 / 662天
等级: 130
石头: 4036
呼符: 325
体力: 29.703333333333333 / 138
友情点: 0 / 447065`
_2024-06-17 04:39:46_
--------
*fccb293dd278a1ddbe1c4e640e5d8090*
`登陆天数: 25天 / 662天
等级: 130
石头: 4070
呼符: 44
体力: 29.673333333333332 / 138
友情点: 0 / 446425`
_2024-06-17 04:39:54_
--------
*e26c99efcc945ff9fce53bea9cbbd044*
`登陆天数: 25天 / 662天
等级: 130
石头: 4052
呼符: 149
体力: 29.64666666666666 / 138
友情点: 0 / 446595`
_2024-06-17 04:40:02_
--------
*fc7a7e0a25e6e85660990a6936b8a0f0*
`登陆天数: 25天 / 662天
等级: 130
石头: 4069
呼符: 304
体力: 29.620000000000005 / 138
友情点: 0 / 447775`
_2024-06-17 04:40:10_
--------
*cebfff55ba19ca3a7e5a1f3940a83ac0*
`登陆天数: 25天 / 662天
等级: 130
石头: 4064
呼符: 239
体力: 29.593333333333334 / 138
友情点: 0 / 445585`
_2024-06-17 04:40:18_
--------
*6767965d649129adb0955418f8601cee*
`登陆天数: 25天 / 662天
等级: 130
石头: 4062
呼符: 283
体力: 29.566666666666663 / 138
友情点: 0 / 449925`
_2024-06-17 04:40:26_
--------
*979aafaf82d347a492d0bbf372a5b43a*
`登陆天数: 25天 / 663天
等级: 130
石头: 4060
呼符: 35
体力: 29.540000000000006 / 138
友情点: 0 / 446405`
_2024-06-17 04:40:34_
--------
*2447b142c61b9ad7ceaac321c88153cb*
`登陆天数: 25天 / 663天
等级: 130
石头: 4063
呼符: 321
体力: 29.516666666666666 / 138
友情点: 0 / 445640`
_2024-06-17 04:40:42_
--------
*58e2bbca08853ce0bb8071a5e9d0ee89*
`登陆天数: 25天 / 662天
等级: 130
石头: 4055
呼符: 142
体力: 29.49333333333334 / 138
友情点: 0 / 445065`
_2024-06-17 04:40:50_
--------
*25d49ff78b6eb76ebd8cdee0b5df4e05*
`登陆天数: 25天 / 663天
等级: 130
石头: 4065
呼符: 203
体力: 29.46666666666667 / 138
友情点: 0 / 445655`
_2024-06-17 04:40:58_
--------
*d4e316ee7b1f93fb6a25aae62d13847d*
`登陆天数: 25天 / 663天
等级: 130
石头: 4060
呼符: 285
体力: 23.806666666666672 / 138
友情点: 0 / 463320`
_2024-06-17 04:41:06_
--------
