【登录信息】
*0a62c18e26790886093c447330334361*
`登陆天数: 26天 / 664天
等级: 130
石头: 4064
呼符: 50
体力: 29.983333333333334 / 138
友情点: 0 / 440205`
_2024-06-18 04:31:01_
--------
*794b11a146cf4e5bfd8bf1dfb37f8cf5*
`登陆天数: 26天 / 664天
等级: 130
石头: 4071
呼符: 314
体力: 29.950000000000003 / 138
友情点: 0 / 441575`
_2024-06-18 04:31:09_
--------
*869935bdb3f557990e9463c39a5fc84e*
`登陆天数: 26天 / 664天
等级: 130
石头: 4061
呼符: 320
体力: 29.92 / 138
友情点: 0 / 439460`
_2024-06-18 04:31:18_
--------
*4204891a7ad304e59437ba6e9fcf888d*
`登陆天数: 26天 / 664天
等级: 130
石头: 4069
呼符: 299
体力: 29.89333333333333 / 138
友情点: 0 / 440075`
_2024-06-18 04:31:26_
--------
*612a2ba04fa9b4b4eae112c013e39283*
`登陆天数: 26天 / 663天
等级: 130
石头: 4066
呼符: 34
体力: 29.86 / 138
友情点: 0 / 440590`
_2024-06-18 04:31:34_
--------
*e33b82ae8f432438164e3188479adfd4*
`登陆天数: 26天 / 663天
等级: 130
石头: 4017
呼符: 320
体力: 29.826666666666668 / 138
友情点: 0 / 440420`
_2024-06-18 04:31:42_
--------
*5cb3fc21ffde8ff97331bf2bc615f922*
`登陆天数: 26天 / 663天
等级: 130
石头: 4064
呼符: 102
体力: 29.793333333333337 / 138
友情点: 0 / 441555`
_2024-06-18 04:31:51_
--------
*1424fb88578fb0510168b43bdb942bdd*
`登陆天数: 26天 / 663天
等级: 130
石头: 4064
呼符: 68
体力: 29.766666666666666 / 138
友情点: 0 / 441355`
_2024-06-18 04:31:59_
--------
*2348592468fe7a90dffabbca982e5b10*
`登陆天数: 26天 / 663天
等级: 130
石头: 4063
呼符: 34
体力: 29.733333333333334 / 138
友情点: 0 / 442740`
_2024-06-18 04:32:07_
--------
*9b233ec48f0aebf215db9099f75e2314*
`登陆天数: 26天 / 664天
等级: 130
石头: 4057
呼符: 331
体力: 29.703333333333333 / 138
友情点: 0 / 440985`
_2024-06-18 04:32:15_
--------
*fd318cb78011cd5d1af546eeb7bb4b94*
`登陆天数: 26天 / 664天
等级: 130
石头: 4022
呼符: 328
体力: 29.673333333333332 / 138
友情点: 0 / 439750`
_2024-06-18 04:32:24_
--------
*692604e9941cbeec2b0b3ee54ae7804d*
`登陆天数: 26天 / 664天
等级: 130
石头: 4062
呼符: 265
体力: 29.64333333333333 / 138
友情点: 0 / 439675`
_2024-06-18 04:32:32_
--------
*19b0e1a2228ce591e28b0d022b6da1ca*
`登陆天数: 26天 / 664天
等级: 130
石头: 4067
呼符: 85
体力: 29.61666666666666 / 138
友情点: 0 / 440560`
_2024-06-18 04:32:40_
--------
*19ef3504c876bd29e4c5eb178d504bca*
`登陆天数: 26天 / 663天
等级: 130
石头: 4042
呼符: 276
体力: 29.58333333333333 / 138
友情点: 0 / 439950`
_2024-06-18 04:32:49_
--------
*5e2131975b61e566df8ab7d3533f01d2*
`登陆天数: 26天 / 663天
等级: 130
石头: 4065
呼符: 213
体力: 29.556666666666672 / 138
友情点: 0 / 440150`
_2024-06-18 04:32:57_
--------
*77183952f89cd2befcb60d93f6f3b0fb*
`登陆天数: 26天 / 663天
等级: 130
石头: 4061
呼符: 128
体力: 29.52666666666667 / 138
友情点: 0 / 439935`
_2024-06-18 04:33:05_
--------
*a2d111d33adad87037fe3d9ae11c00ef*
`登陆天数: 26天 / 663天
等级: 130
石头: 4063
呼符: 34
体力: 29.49666666666667 / 138
友情点: 0 / 440035`
_2024-06-18 04:33:14_
--------
*92b9264415d56def0af7b3d01e734896*
`登陆天数: 27天 / 665天
等级: 130
石头: 4072
呼符: 291
体力: 29.46666666666667 / 138
友情点: 0 / 439315`
_2024-06-18 04:33:22_
--------
*d95136c6a9962e3429ac9025bc2be43d*
`登陆天数: 27天 / 664天
等级: 130
石头: 4066
呼符: 170
体力: 29.439999999999998 / 138
友情点: 0 / 440440`
_2024-06-18 04:33:30_
--------
*c1903336d6a4a100128eb0db008e7338*
`登陆天数: 26天 / 664天
等级: 130
石头: 4055
呼符: 217
体力: 29.409999999999997 / 138
友情点: 0 / 442520`
_2024-06-18 04:33:38_
--------
*e86d748fa3290322649a8680760f0519*
`登陆天数: 26天 / 663天
等级: 130
石头: 4068
呼符: 181
体力: 29.376666666666665 / 138
友情点: 0 / 442190`
_2024-06-18 04:33:46_
--------
*25c4b0f5786e8cbae7de775e47ea797d*
`登陆天数: 26天 / 663天
等级: 130
石头: 4071
呼符: 127
体力: 29.346666666666664 / 138
友情点: 0 / 440295`
_2024-06-18 04:33:55_
--------
*c94f8fb36a40f6022e81c3fac4426aa0*
`登陆天数: 26天 / 663天
等级: 130
石头: 4045
呼符: 90
体力: 29.319999999999993 / 138
友情点: 0 / 442335`
_2024-06-18 04:34:03_
--------
*55ddef8f1bc8f01e1753b3e72dc30a5f*
`登陆天数: 26天 / 663天
等级: 130
石头: 4053
呼符: 320
体力: 29.290000000000006 / 138
友情点: 0 / 440505`
_2024-06-18 04:34:12_
--------
*16decacabe495a74848cfc1b7124673d*
`登陆天数: 26天 / 664天
等级: 130
石头: 4052
呼符: 295
体力: 29.260000000000005 / 138
友情点: 0 / 441800`
_2024-06-18 04:34:20_
--------
*f287e413d279c4ebbef4732751cab640*
`登陆天数: 26天 / 663天
等级: 130
石头: 4062
呼符: 163
体力: 29.230000000000004 / 138
友情点: 0 / 440750`
_2024-06-18 04:34:28_
--------
*57cf3a3a73d2edebd9f130be3d16efa8*
`登陆天数: 26天 / 663天
等级: 130
石头: 4065
呼符: 328
体力: 29.200000000000003 / 138
友情点: 0 / 440770`
_2024-06-18 04:34:36_
--------
*d350c31765994643f0e6ddea1e9d06bc*
`登陆天数: 26天 / 663天
等级: 130
石头: 4061
呼符: 54
体力: 29.173333333333332 / 138
友情点: 0 / 439985`
_2024-06-18 04:34:44_
--------
*4e55cf445ee0c2ef6253265cd6a3a929*
`登陆天数: 26天 / 664天
等级: 130
石头: 4045
呼符: 271
体力: 29.14 / 138
友情点: 0 / 442230`
_2024-06-18 04:34:52_
--------
*dad5adc84ce5abe077fda114f16a9d05*
`登陆天数: 26天 / 664天
等级: 130
石头: 4057
呼符: 330
体力: 29.11 / 138
友情点: 0 / 440680`
_2024-06-18 04:35:01_
--------
*921d1c4ed87ac1ab10c1b0a04bd2c8ed*
`登陆天数: 26天 / 663天
等级: 130
石头: 4064
呼符: 196
体力: 29.08333333333333 / 138
友情点: 0 / 441000`
_2024-06-18 04:35:09_
--------
*40f3d861aee0cf84d4a0840d8c372a5b*
`登陆天数: 26天 / 664天
等级: 130
石头: 4068
呼符: 35
体力: 29.049999999999997 / 138
友情点: 0 / 439945`
_2024-06-18 04:35:17_
--------
*603275524416c3912f5024c92d0f961c*
`登陆天数: 26天 / 664天
等级: 130
石头: 4061
呼符: 119
体力: 29.023333333333326 / 138
友情点: 0 / 439960`
_2024-06-18 04:35:26_
--------
*8bf7f0b496e73e90108108064c8d1025*
`登陆天数: 26天 / 664天
等级: 130
石头: 4068
呼符: 316
体力: 28.99333333333334 / 138
友情点: 0 / 440470`
_2024-06-18 04:35:34_
--------
*b38de19acd62fb60fb8f48094a7e6813*
`登陆天数: 26天 / 663天
等级: 130
石头: 4054
呼符: 274
体力: 28.96333333333334 / 138
友情点: 0 / 441815`
_2024-06-18 04:35:42_
--------
*f6068f076a4e7f9a194989fc309aa340*
`登陆天数: 26天 / 664天
等级: 130
石头: 4061
呼符: 297
体力: 28.933333333333337 / 138
友情点: 0 / 442150`
_2024-06-18 04:35:50_
--------
*3d3c0c635910338891ca3735b496d68b*
`登陆天数: 26天 / 664天
等级: 130
石头: 4067
呼符: 261
体力: 28.903333333333336 / 138
友情点: 0 / 441440`
_2024-06-18 04:35:58_
--------
*f85936368c865168333f51d37af18328*
`登陆天数: 26天 / 663天
等级: 130
石头: 4069
呼符: 302
体力: 28.873333333333335 / 138
友情点: 0 / 440415`
_2024-06-18 04:36:06_
--------
*0e127942d2b21f0f50bb59b200354392*
`登陆天数: 26天 / 663天
等级: 130
石头: 4021
呼符: 34
体力: 28.83333333333333 / 138
友情点: 0 / 440935`
_2024-06-18 04:36:14_
--------
*9278fb48ad8e6de8eea81e0bacf56a50*
`登陆天数: 26天 / 663天
等级: 130
石头: 4036
呼符: 325
体力: 28.806666666666672 / 138
友情点: 0 / 441065`
_2024-06-18 04:36:22_
--------
*fccb293dd278a1ddbe1c4e640e5d8090*
`登陆天数: 26天 / 663天
等级: 130
石头: 4070
呼符: 44
体力: 28.77666666666667 / 138
友情点: 0 / 440425`
_2024-06-18 04:36:30_
--------
*e26c99efcc945ff9fce53bea9cbbd044*
`登陆天数: 26天 / 663天
等级: 130
石头: 4052
呼符: 149
体力: 28.74666666666667 / 138
友情点: 0 / 440595`
_2024-06-18 04:36:38_
--------
*fc7a7e0a25e6e85660990a6936b8a0f0*
`登陆天数: 26天 / 663天
等级: 130
石头: 4069
呼符: 304
体力: 28.72 / 138
友情点: 0 / 441775`
_2024-06-18 04:36:46_
--------
*cebfff55ba19ca3a7e5a1f3940a83ac0*
`登陆天数: 26天 / 663天
等级: 130
石头: 4064
呼符: 239
体力: 28.689999999999998 / 138
友情点: 0 / 439585`
_2024-06-18 04:36:55_
--------
*6767965d649129adb0955418f8601cee*
`登陆天数: 26天 / 663天
等级: 130
石头: 4062
呼符: 283
体力: 28.663333333333327 / 138
友情点: 0 / 443925`
_2024-06-18 04:37:03_
--------
*979aafaf82d347a492d0bbf372a5b43a*
`登陆天数: 26天 / 664天
等级: 130
石头: 4060
呼符: 35
体力: 28.63666666666667 / 138
友情点: 0 / 440405`
_2024-06-18 04:37:11_
--------
*2447b142c61b9ad7ceaac321c88153cb*
`登陆天数: 26天 / 664天
等级: 130
石头: 4063
呼符: 321
体力: 28.60666666666667 / 138
友情点: 0 / 439640`
_2024-06-18 04:37:19_
--------
*58e2bbca08853ce0bb8071a5e9d0ee89*
`登陆天数: 26天 / 663天
等级: 130
石头: 4055
呼符: 142
体力: 28.576666666666668 / 138
友情点: 0 / 439065`
_2024-06-18 04:37:28_
--------
*25d49ff78b6eb76ebd8cdee0b5df4e05*
`登陆天数: 26天 / 664天
等级: 130
石头: 4065
呼符: 203
体力: 28.543333333333337 / 138
友情点: 0 / 439655`
_2024-06-18 04:37:36_
--------
*d4e316ee7b1f93fb6a25aae62d13847d*
`登陆天数: 26天 / 664天
等级: 130
石头: 4060
呼符: 285
体力: 28.349999999999994 / 138
友情点: 0 / 457320`
_2024-06-18 04:37:44_
--------
