【登录信息】
*0a62c18e26790886093c447330334361*
`登陆天数: 28天 / 666天
等级: 130
石头: 4072
呼符: 51
体力: 30.10666666666667 / 138
友情点: 0 / 430205`
_2024-06-20 04:29:49_
--------
*794b11a146cf4e5bfd8bf1dfb37f8cf5*
`登陆天数: 28天 / 666天
等级: 130
石头: 4079
呼符: 315
体力: 30.076666666666668 / 138
友情点: 0 / 429575`
_2024-06-20 04:29:57_
--------
*869935bdb3f557990e9463c39a5fc84e*
`登陆天数: 28天 / 666天
等级: 130
石头: 4069
呼符: 321
体力: 30.053333333333327 / 138
友情点: 0 / 427460`
_2024-06-20 04:30:06_
--------
*4204891a7ad304e59437ba6e9fcf888d*
`登陆天数: 28天 / 666天
等级: 130
石头: 4077
呼符: 300
体力: 30.02666666666667 / 138
友情点: 0 / 428075`
_2024-06-20 04:30:14_
--------
*612a2ba04fa9b4b4eae112c013e39283*
`登陆天数: 28天 / 665天
等级: 130
石头: 4074
呼符: 35
体力: 29.99666666666667 / 138
友情点: 0 / 428590`
_2024-06-20 04:30:22_
--------
*e33b82ae8f432438164e3188479adfd4*
`登陆天数: 28天 / 665天
等级: 130
石头: 4025
呼符: 321
体力: 29.97 / 138
友情点: 0 / 428420`
_2024-06-20 04:30:31_
--------
*5cb3fc21ffde8ff97331bf2bc615f922*
`登陆天数: 28天 / 665天
等级: 130
石头: 4072
呼符: 103
体力: 29.943333333333328 / 138
友情点: 0 / 429555`
_2024-06-20 04:30:39_
--------
*1424fb88578fb0510168b43bdb942bdd*
`登陆天数: 28天 / 665天
等级: 130
石头: 4072
呼符: 69
体力: 29.92 / 138
友情点: 0 / 429355`
_2024-06-20 04:30:47_
--------
*2348592468fe7a90dffabbca982e5b10*
`登陆天数: 28天 / 665天
等级: 130
石头: 4071
呼符: 35
体力: 29.89 / 138
友情点: 0 / 430740`
_2024-06-20 04:30:55_
--------
*9b233ec48f0aebf215db9099f75e2314*
`登陆天数: 28天 / 666天
等级: 130
石头: 4065
呼符: 332
体力: 29.86333333333333 / 138
友情点: 0 / 428985`
_2024-06-20 04:31:03_
--------
*fd318cb78011cd5d1af546eeb7bb4b94*
`登陆天数: 28天 / 666天
等级: 130
石头: 4030
呼符: 329
体力: 29.83333333333333 / 138
友情点: 0 / 427750`
_2024-06-20 04:31:11_
--------
*692604e9941cbeec2b0b3ee54ae7804d*
`登陆天数: 28天 / 666天
等级: 130
石头: 4070
呼符: 266
体力: 29.806666666666672 / 138
友情点: 0 / 427675`
_2024-06-20 04:31:19_
--------
*19b0e1a2228ce591e28b0d022b6da1ca*
`登陆天数: 28天 / 666天
等级: 130
石头: 4075
呼符: 86
体力: 29.773333333333326 / 138
友情点: 0 / 428560`
_2024-06-20 04:31:27_
--------
*19ef3504c876bd29e4c5eb178d504bca*
`登陆天数: 28天 / 665天
等级: 130
石头: 4050
呼符: 277
体力: 29.75 / 138
友情点: 0 / 427950`
_2024-06-20 04:31:35_
--------
*5e2131975b61e566df8ab7d3533f01d2*
`登陆天数: 28天 / 665天
等级: 130
石头: 4073
呼符: 214
体力: 29.72333333333333 / 138
友情点: 0 / 428150`
_2024-06-20 04:31:43_
--------
*77183952f89cd2befcb60d93f6f3b0fb*
`登陆天数: 28天 / 665天
等级: 130
石头: 4069
呼符: 129
体力: 29.696666666666673 / 138
友情点: 0 / 427935`
_2024-06-20 04:31:52_
--------
*a2d111d33adad87037fe3d9ae11c00ef*
`登陆天数: 28天 / 665天
等级: 130
石头: 4071
呼符: 35
体力: 29.67 / 138
友情点: 0 / 428035`
_2024-06-20 04:32:00_
--------
*92b9264415d56def0af7b3d01e734896*
`登陆天数: 29天 / 667天
等级: 130
石头: 4078
呼符: 292
体力: 29.64333333333333 / 138
友情点: 0 / 429315`
_2024-06-20 04:32:08_
--------
*d95136c6a9962e3429ac9025bc2be43d*
`登陆天数: 29天 / 666天
等级: 130
石头: 4072
呼符: 171
体力: 29.61333333333333 / 138
友情点: 0 / 430440`
_2024-06-20 04:32:16_
--------
*c1903336d6a4a100128eb0db008e7338*
`登陆天数: 28天 / 666天
等级: 130
石头: 4063
呼符: 218
体力: 29.593333333333334 / 138
友情点: 0 / 430520`
_2024-06-20 04:32:24_
--------
*e86d748fa3290322649a8680760f0519*
`登陆天数: 28天 / 665天
等级: 130
石头: 4076
呼符: 182
体力: 29.563333333333333 / 138
友情点: 0 / 430190`
_2024-06-20 04:32:32_
--------
*25c4b0f5786e8cbae7de775e47ea797d*
`登陆天数: 28天 / 665天
等级: 130
石头: 4079
呼符: 128
体力: 29.53666666666666 / 138
友情点: 0 / 428295`
_2024-06-20 04:32:40_
--------
*c94f8fb36a40f6022e81c3fac4426aa0*
`登陆天数: 28天 / 665天
等级: 130
石头: 4053
呼符: 91
体力: 29.50666666666666 / 138
友情点: 0 / 430335`
_2024-06-20 04:32:48_
--------
*55ddef8f1bc8f01e1753b3e72dc30a5f*
`登陆天数: 28天 / 665天
等级: 130
石头: 4061
呼符: 321
体力: 29.480000000000004 / 138
友情点: 0 / 428505`
_2024-06-20 04:32:57_
--------
*16decacabe495a74848cfc1b7124673d*
`登陆天数: 28天 / 666天
等级: 130
石头: 4060
呼符: 296
体力: 29.453333333333333 / 138
友情点: 0 / 429800`
_2024-06-20 04:33:05_
--------
*f287e413d279c4ebbef4732751cab640*
`登陆天数: 28天 / 665天
等级: 130
石头: 4070
呼符: 164
体力: 29.430000000000007 / 138
友情点: 0 / 428750`
_2024-06-20 04:33:13_
--------
*57cf3a3a73d2edebd9f130be3d16efa8*
`登陆天数: 28天 / 665天
等级: 130
石头: 4073
呼符: 329
体力: 29.403333333333336 / 138
友情点: 0 / 428770`
_2024-06-20 04:33:21_
--------
*d350c31765994643f0e6ddea1e9d06bc*
`登陆天数: 28天 / 665天
等级: 130
石头: 4069
呼符: 55
体力: 29.376666666666665 / 138
友情点: 0 / 427985`
_2024-06-20 04:33:29_
--------
*4e55cf445ee0c2ef6253265cd6a3a929*
`登陆天数: 28天 / 666天
等级: 130
石头: 4053
呼符: 272
体力: 29.349999999999994 / 138
友情点: 0 / 430230`
_2024-06-20 04:33:37_
--------
*dad5adc84ce5abe077fda114f16a9d05*
`登陆天数: 28天 / 666天
等级: 130
石头: 4065
呼符: 331
体力: 29.319999999999993 / 138
友情点: 0 / 428680`
_2024-06-20 04:33:45_
--------
*921d1c4ed87ac1ab10c1b0a04bd2c8ed*
`登陆天数: 28天 / 665天
等级: 130
石头: 4072
呼符: 197
体力: 29.293333333333337 / 138
友情点: 0 / 429000`
_2024-06-20 04:33:53_
--------
*40f3d861aee0cf84d4a0840d8c372a5b*
`登陆天数: 28天 / 666天
等级: 130
石头: 4076
呼符: 36
体力: 29.266666666666666 / 138
友情点: 0 / 427945`
_2024-06-20 04:34:02_
--------
*603275524416c3912f5024c92d0f961c*
`登陆天数: 28天 / 666天
等级: 130
石头: 4069
呼符: 120
体力: 29.24333333333334 / 138
友情点: 0 / 427960`
_2024-06-20 04:34:10_
--------
*8bf7f0b496e73e90108108064c8d1025*
`登陆天数: 28天 / 666天
等级: 130
石头: 4076
呼符: 317
体力: 29.21666666666667 / 138
友情点: 0 / 428470`
_2024-06-20 04:34:18_
--------
*b38de19acd62fb60fb8f48094a7e6813*
`登陆天数: 28天 / 665天
等级: 130
石头: 4062
呼符: 275
体力: 29.189999999999998 / 138
友情点: 0 / 429815`
_2024-06-20 04:34:26_
--------
*f6068f076a4e7f9a194989fc309aa340*
`登陆天数: 28天 / 666天
等级: 130
石头: 4069
呼符: 298
体力: 29.159999999999997 / 138
友情点: 0 / 430150`
_2024-06-20 04:34:34_
--------
*3d3c0c635910338891ca3735b496d68b*
`登陆天数: 28天 / 666天
等级: 130
石头: 4075
呼符: 262
体力: 29.13333333333334 / 138
友情点: 0 / 429440`
_2024-06-20 04:34:42_
--------
*f85936368c865168333f51d37af18328*
`登陆天数: 28天 / 665天
等级: 130
石头: 4077
呼符: 303
体力: 29.10333333333334 / 138
友情点: 0 / 428415`
_2024-06-20 04:34:50_
--------
*0e127942d2b21f0f50bb59b200354392*
`登陆天数: 28天 / 665天
等级: 130
石头: 4029
呼符: 35
体力: 29.076666666666668 / 138
友情点: 0 / 428935`
_2024-06-20 04:34:58_
--------
*9278fb48ad8e6de8eea81e0bacf56a50*
`登陆天数: 28天 / 665天
等级: 130
石头: 4044
呼符: 326
体力: 29.053333333333327 / 138
友情点: 0 / 429065`
_2024-06-20 04:35:06_
--------
*fccb293dd278a1ddbe1c4e640e5d8090*
`登陆天数: 28天 / 665天
等级: 130
石头: 4078
呼符: 45
体力: 29.019999999999996 / 138
友情点: 0 / 428425`
_2024-06-20 04:35:14_
--------
*e26c99efcc945ff9fce53bea9cbbd044*
`登陆天数: 28天 / 665天
等级: 130
石头: 4060
呼符: 150
体力: 28.99666666666667 / 138
友情点: 0 / 428595`
_2024-06-20 04:35:23_
--------
*fc7a7e0a25e6e85660990a6936b8a0f0*
`登陆天数: 28天 / 665天
等级: 130
石头: 4077
呼符: 305
体力: 28.97 / 138
友情点: 0 / 429775`
_2024-06-20 04:35:31_
--------
*cebfff55ba19ca3a7e5a1f3940a83ac0*
`登陆天数: 28天 / 665天
等级: 130
石头: 4072
呼符: 240
体力: 28.939999999999998 / 138
友情点: 0 / 427585`
_2024-06-20 04:35:39_
--------
*6767965d649129adb0955418f8601cee*
`登陆天数: 28天 / 665天
等级: 130
石头: 4070
呼符: 284
体力: 28.909999999999997 / 138
友情点: 0 / 431925`
_2024-06-20 04:35:47_
--------
*979aafaf82d347a492d0bbf372a5b43a*
`登陆天数: 28天 / 666天
等级: 130
石头: 4068
呼符: 36
体力: 28.88333333333334 / 138
友情点: 0 / 428405`
_2024-06-20 04:35:55_
--------
*2447b142c61b9ad7ceaac321c88153cb*
`登陆天数: 28天 / 666天
等级: 130
石头: 4071
呼符: 322
体力: 28.85666666666667 / 138
友情点: 0 / 427640`
_2024-06-20 04:36:03_
--------
*58e2bbca08853ce0bb8071a5e9d0ee89*
`登陆天数: 28天 / 665天
等级: 130
石头: 4063
呼符: 143
体力: 28.83333333333333 / 138
友情点: 0 / 427065`
_2024-06-20 04:36:11_
--------
*25d49ff78b6eb76ebd8cdee0b5df4e05*
`登陆天数: 28天 / 666天
等级: 130
石头: 4073
呼符: 204
体力: 28.806666666666672 / 138
友情点: 0 / 427655`
_2024-06-20 04:36:19_
--------
*d4e316ee7b1f93fb6a25aae62d13847d*
`登陆天数: 28天 / 666天
等级: 130
石头: 4068
呼符: 286
体力: 28.41666666666667 / 138
友情点: 0 / 445320`
_2024-06-20 04:36:28_
--------
