【登录信息】
*0a62c18e26790886093c447330334361*
`登陆天数: 30天 / 668天
等级: 130
石头: 4073
呼符: 52
体力: 29.659999999999997 / 138
友情点: 0 / 420205`
_2024-06-22 04:29:45_
--------
*794b11a146cf4e5bfd8bf1dfb37f8cf5*
`登陆天数: 30天 / 668天
等级: 130
石头: 4080
呼符: 316
体力: 29.63333333333334 / 138
友情点: 0 / 419575`
_2024-06-22 04:29:54_
--------
*869935bdb3f557990e9463c39a5fc84e*
`登陆天数: 30天 / 668天
等级: 130
石头: 4070
呼符: 322
体力: 29.60666666666667 / 138
友情点: 0 / 417460`
_2024-06-22 04:30:02_
--------
*4204891a7ad304e59437ba6e9fcf888d*
`登陆天数: 30天 / 668天
等级: 130
石头: 4078
呼符: 301
体力: 29.58 / 138
友情点: 0 / 418075`
_2024-06-22 04:30:10_
--------
*612a2ba04fa9b4b4eae112c013e39283*
`登陆天数: 30天 / 667天
等级: 130
石头: 4075
呼符: 36
体力: 29.556666666666672 / 138
友情点: 0 / 418590`
_2024-06-22 04:30:18_
--------
*e33b82ae8f432438164e3188479adfd4*
`登陆天数: 30天 / 667天
等级: 130
石头: 4026
呼符: 322
体力: 29.52666666666667 / 138
友情点: 0 / 418420`
_2024-06-22 04:30:26_
--------
*5cb3fc21ffde8ff97331bf2bc615f922*
`登陆天数: 30天 / 667天
等级: 130
石头: 4073
呼符: 104
体力: 29.5 / 138
友情点: 0 / 419555`
_2024-06-22 04:30:33_
--------
*1424fb88578fb0510168b43bdb942bdd*
`登陆天数: 30天 / 667天
等级: 130
石头: 4073
呼符: 70
体力: 29.47 / 138
友情点: 0 / 419355`
_2024-06-22 04:30:41_
--------
*2348592468fe7a90dffabbca982e5b10*
`登陆天数: 30天 / 667天
等级: 130
石头: 4072
呼符: 36
体力: 29.443333333333328 / 138
友情点: 0 / 420740`
_2024-06-22 04:30:50_
--------
*9b233ec48f0aebf215db9099f75e2314*
`登陆天数: 30天 / 668天
等级: 130
石头: 4066
呼符: 333
体力: 29.41666666666667 / 138
友情点: 0 / 418985`
_2024-06-22 04:30:58_
--------
*fd318cb78011cd5d1af546eeb7bb4b94*
`登陆天数: 30天 / 668天
等级: 130
石头: 4031
呼符: 330
体力: 29.39 / 138
友情点: 0 / 417750`
_2024-06-22 04:31:06_
--------
*692604e9941cbeec2b0b3ee54ae7804d*
`登陆天数: 30天 / 668天
等级: 130
石头: 4071
呼符: 267
体力: 29.36333333333333 / 138
友情点: 0 / 417675`
_2024-06-22 04:31:14_
--------
*19b0e1a2228ce591e28b0d022b6da1ca*
`登陆天数: 30天 / 668天
等级: 130
石头: 4076
呼符: 87
体力: 29.33333333333333 / 138
友情点: 0 / 418560`
_2024-06-22 04:31:22_
--------
*19ef3504c876bd29e4c5eb178d504bca*
`登陆天数: 30天 / 667天
等级: 130
石头: 4051
呼符: 278
体力: 29.306666666666672 / 138
友情点: 0 / 417950`
_2024-06-22 04:31:30_
--------
*5e2131975b61e566df8ab7d3533f01d2*
`登陆天数: 30天 / 667天
等级: 130
石头: 4074
呼符: 215
体力: 29.28333333333333 / 138
友情点: 0 / 418150`
_2024-06-22 04:31:38_
--------
*77183952f89cd2befcb60d93f6f3b0fb*
`登陆天数: 30天 / 667天
等级: 130
石头: 4070
呼符: 130
体力: 29.25666666666666 / 138
友情点: 0 / 417935`
_2024-06-22 04:31:47_
--------
*a2d111d33adad87037fe3d9ae11c00ef*
`登陆天数: 30天 / 667天
等级: 130
石头: 4072
呼符: 36
体力: 29.233333333333334 / 138
友情点: 0 / 418035`
_2024-06-22 04:31:55_
--------
*92b9264415d56def0af7b3d01e734896*
`登陆天数: 31天 / 669天
等级: 130
石头: 4079
呼符: 293
体力: 29.206666666666663 / 138
友情点: 0 / 417315`
_2024-06-22 04:32:03_
--------
*d95136c6a9962e3429ac9025bc2be43d*
`登陆天数: 31天 / 668天
等级: 130
石头: 4073
呼符: 172
体力: 29.180000000000007 / 138
友情点: 0 / 418440`
_2024-06-22 04:32:11_
--------
*c1903336d6a4a100128eb0db008e7338*
`登陆天数: 30天 / 668天
等级: 130
石头: 4064
呼符: 219
体力: 29.153333333333336 / 138
友情点: 0 / 420520`
_2024-06-22 04:32:19_
--------
*e86d748fa3290322649a8680760f0519*
`登陆天数: 30天 / 667天
等级: 130
石头: 4077
呼符: 183
体力: 29.129999999999995 / 138
友情点: 0 / 420190`
_2024-06-22 04:32:28_
--------
*25c4b0f5786e8cbae7de775e47ea797d*
`登陆天数: 30天 / 667天
等级: 130
石头: 4080
呼符: 129
体力: 29.099999999999994 / 138
友情点: 0 / 418295`
_2024-06-22 04:32:36_
--------
*c94f8fb36a40f6022e81c3fac4426aa0*
`登陆天数: 30天 / 667天
等级: 130
石头: 4054
呼符: 92
体力: 29.073333333333338 / 138
友情点: 0 / 420335`
_2024-06-22 04:32:44_
--------
*55ddef8f1bc8f01e1753b3e72dc30a5f*
`登陆天数: 30天 / 667天
等级: 130
石头: 4062
呼符: 322
体力: 29.046666666666667 / 138
友情点: 0 / 418505`
_2024-06-22 04:32:53_
--------
*16decacabe495a74848cfc1b7124673d*
`登陆天数: 30天 / 668天
等级: 130
石头: 4061
呼符: 297
体力: 29.016666666666666 / 138
友情点: 0 / 419800`
_2024-06-22 04:33:01_
--------
*f287e413d279c4ebbef4732751cab640*
`登陆天数: 30天 / 667天
等级: 130
石头: 4071
呼符: 165
体力: 28.99333333333334 / 138
友情点: 0 / 418750`
_2024-06-22 04:33:08_
--------
*57cf3a3a73d2edebd9f130be3d16efa8*
`登陆天数: 30天 / 667天
等级: 130
石头: 4074
呼符: 330
体力: 28.96666666666667 / 138
友情点: 0 / 418770`
_2024-06-22 04:33:17_
--------
*d350c31765994643f0e6ddea1e9d06bc*
`登陆天数: 30天 / 667天
等级: 130
石头: 4070
呼符: 56
体力: 28.943333333333328 / 138
友情点: 0 / 417985`
_2024-06-22 04:33:25_
--------
*4e55cf445ee0c2ef6253265cd6a3a929*
`登陆天数: 30天 / 668天
等级: 130
石头: 4054
呼符: 273
体力: 28.91666666666667 / 138
友情点: 0 / 420230`
_2024-06-22 04:33:33_
--------
*dad5adc84ce5abe077fda114f16a9d05*
`登陆天数: 30天 / 668天
等级: 130
石头: 4066
呼符: 332
体力: 28.89 / 138
友情点: 0 / 418680`
_2024-06-22 04:33:41_
--------
*921d1c4ed87ac1ab10c1b0a04bd2c8ed*
`登陆天数: 30天 / 667天
等级: 130
石头: 4073
呼符: 198
体力: 28.86333333333333 / 138
友情点: 0 / 419000`
_2024-06-22 04:33:49_
--------
*40f3d861aee0cf84d4a0840d8c372a5b*
`登陆天数: 30天 / 668天
等级: 130
石头: 4077
呼符: 37
体力: 28.836666666666673 / 138
友情点: 0 / 417945`
_2024-06-22 04:33:57_
--------
*603275524416c3912f5024c92d0f961c*
`登陆天数: 30天 / 668天
等级: 130
石头: 4070
呼符: 121
体力: 28.810000000000002 / 138
友情点: 0 / 417960`
_2024-06-22 04:34:05_
--------
*8bf7f0b496e73e90108108064c8d1025*
`登陆天数: 30天 / 668天
等级: 130
石头: 4077
呼符: 318
体力: 28.78333333333333 / 138
友情点: 0 / 418470`
_2024-06-22 04:34:14_
--------
*b38de19acd62fb60fb8f48094a7e6813*
`登陆天数: 30天 / 667天
等级: 130
石头: 4063
呼符: 276
体力: 28.75666666666666 / 138
友情点: 0 / 419815`
_2024-06-22 04:34:22_
--------
*f6068f076a4e7f9a194989fc309aa340*
`登陆天数: 30天 / 668天
等级: 130
石头: 4070
呼符: 299
体力: 28.730000000000004 / 138
友情点: 0 / 420150`
_2024-06-22 04:34:30_
--------
*3d3c0c635910338891ca3735b496d68b*
`登陆天数: 30天 / 668天
等级: 130
石头: 4076
呼符: 263
体力: 28.703333333333333 / 138
友情点: 0 / 419440`
_2024-06-22 04:34:37_
--------
*f85936368c865168333f51d37af18328*
`登陆天数: 30天 / 667天
等级: 130
石头: 4078
呼符: 304
体力: 28.676666666666662 / 138
友情点: 0 / 418415`
_2024-06-22 04:34:45_
--------
*0e127942d2b21f0f50bb59b200354392*
`登陆天数: 30天 / 667天
等级: 130
石头: 4030
呼符: 36
体力: 28.650000000000006 / 138
友情点: 0 / 418935`
_2024-06-22 04:34:53_
--------
*9278fb48ad8e6de8eea81e0bacf56a50*
`登陆天数: 30天 / 667天
等级: 130
石头: 4045
呼符: 327
体力: 28.623333333333335 / 138
友情点: 0 / 419065`
_2024-06-22 04:35:01_
--------
*fccb293dd278a1ddbe1c4e640e5d8090*
`登陆天数: 30天 / 667天
等级: 130
石头: 4079
呼符: 46
体力: 28.593333333333334 / 138
友情点: 0 / 418425`
_2024-06-22 04:35:09_
--------
*e26c99efcc945ff9fce53bea9cbbd044*
`登陆天数: 30天 / 667天
等级: 130
石头: 4061
呼符: 151
体力: 28.566666666666663 / 138
友情点: 0 / 418595`
_2024-06-22 04:35:17_
--------
*fc7a7e0a25e6e85660990a6936b8a0f0*
`登陆天数: 30天 / 667天
等级: 130
石头: 4078
呼符: 306
体力: 28.540000000000006 / 138
友情点: 0 / 419775`
_2024-06-22 04:35:25_
--------
*cebfff55ba19ca3a7e5a1f3940a83ac0*
`登陆天数: 30天 / 667天
等级: 130
石头: 4073
呼符: 241
体力: 28.513333333333335 / 138
友情点: 0 / 417585`
_2024-06-22 04:35:33_
--------
*6767965d649129adb0955418f8601cee*
`登陆天数: 30天 / 667天
等级: 130
石头: 4071
呼符: 285
体力: 28.486666666666665 / 138
友情点: 0 / 421925`
_2024-06-22 04:35:41_
--------
*979aafaf82d347a492d0bbf372a5b43a*
`登陆天数: 30天 / 668天
等级: 130
石头: 4069
呼符: 37
体力: 28.459999999999994 / 138
友情点: 0 / 418405`
_2024-06-22 04:35:49_
--------
*2447b142c61b9ad7ceaac321c88153cb*
`登陆天数: 30天 / 668天
等级: 130
石头: 4072
呼符: 323
体力: 28.433333333333337 / 138
友情点: 0 / 417640`
_2024-06-22 04:35:58_
--------
*58e2bbca08853ce0bb8071a5e9d0ee89*
`登陆天数: 30天 / 667天
等级: 130
石头: 4064
呼符: 144
体力: 28.406666666666666 / 138
友情点: 0 / 417065`
_2024-06-22 04:36:06_
--------
*25d49ff78b6eb76ebd8cdee0b5df4e05*
`登陆天数: 30天 / 668天
等级: 130
石头: 4074
呼符: 205
体力: 28.38333333333334 / 138
友情点: 0 / 417655`
_2024-06-22 04:36:14_
--------
*d4e316ee7b1f93fb6a25aae62d13847d*
`登陆天数: 30天 / 668天
等级: 130
石头: 4069
呼符: 287
体力: 28.25 / 138
友情点: 0 / 435320`
_2024-06-22 04:36:22_
--------
