【登录信息】
*0a62c18e26790886093c447330334361*
`登陆天数: 35天 / 673天
等级: 130
石头: 4078
呼符: 54
体力: 28.766666666666666 / 138
友情点: 0 / 390205`
_2024-06-27 04:22:53_
--------
*794b11a146cf4e5bfd8bf1dfb37f8cf5*
`登陆天数: 35天 / 673天
等级: 130
石头: 4085
呼符: 318
体力: 28.733333333333334 / 138
友情点: 0 / 389575`
_2024-06-27 04:23:00_
--------
*869935bdb3f557990e9463c39a5fc84e*
`登陆天数: 35天 / 673天
等级: 130
石头: 4075
呼符: 324
体力: 28.700000000000003 / 138
友情点: 0 / 387460`
_2024-06-27 04:23:08_
--------
*4204891a7ad304e59437ba6e9fcf888d*
`登陆天数: 35天 / 673天
等级: 130
石头: 4083
呼符: 303
体力: 28.67 / 138
友情点: 0 / 388075`
_2024-06-27 04:23:16_
--------
*612a2ba04fa9b4b4eae112c013e39283*
`登陆天数: 35天 / 672天
等级: 130
石头: 4080
呼符: 38
体力: 28.64 / 138
友情点: 0 / 400590`
_2024-06-27 04:23:23_
--------
*e33b82ae8f432438164e3188479adfd4*
`登陆天数: 35天 / 672天
等级: 130
石头: 4031
呼符: 324
体力: 28.60666666666667 / 138
友情点: 0 / 388420`
_2024-06-27 04:23:31_
--------
*5cb3fc21ffde8ff97331bf2bc615f922*
`登陆天数: 35天 / 672天
等级: 130
石头: 4078
呼符: 106
体力: 28.576666666666668 / 138
友情点: 0 / 389555`
_2024-06-27 04:23:39_
--------
*1424fb88578fb0510168b43bdb942bdd*
`登陆天数: 35天 / 672天
等级: 130
石头: 4078
呼符: 72
体力: 28.546666666666667 / 138
友情点: 0 / 389355`
_2024-06-27 04:23:46_
--------
*2348592468fe7a90dffabbca982e5b10*
`登陆天数: 35天 / 672天
等级: 130
石头: 4077
呼符: 38
体力: 28.516666666666666 / 138
友情点: 0 / 390740`
_2024-06-27 04:23:55_
--------
*9b233ec48f0aebf215db9099f75e2314*
`登陆天数: 35天 / 673天
等级: 130
石头: 4071
呼符: 335
体力: 28.486666666666665 / 138
友情点: 0 / 388985`
_2024-06-27 04:24:03_
--------
*fd318cb78011cd5d1af546eeb7bb4b94*
`登陆天数: 35天 / 673天
等级: 130
石头: 4036
呼符: 332
体力: 28.456666666666663 / 138
友情点: 0 / 387750`
_2024-06-27 04:24:10_
--------
*692604e9941cbeec2b0b3ee54ae7804d*
`登陆天数: 35天 / 673天
等级: 130
石头: 4076
呼符: 269
体力: 28.423333333333332 / 138
友情点: 0 / 387675`
_2024-06-27 04:24:18_
--------
*19b0e1a2228ce591e28b0d022b6da1ca*
`登陆天数: 35天 / 673天
等级: 130
石头: 4081
呼符: 89
体力: 28.39333333333333 / 138
友情点: 0 / 390560`
_2024-06-27 04:24:26_
--------
*19ef3504c876bd29e4c5eb178d504bca*
`登陆天数: 35天 / 672天
等级: 130
石头: 4056
呼符: 280
体力: 28.35666666666667 / 138
友情点: 0 / 387950`
_2024-06-27 04:24:34_
--------
*5e2131975b61e566df8ab7d3533f01d2*
`登陆天数: 35天 / 672天
等级: 130
石头: 4079
呼符: 217
体力: 28.326666666666668 / 138
友情点: 0 / 388150`
_2024-06-27 04:24:41_
--------
*77183952f89cd2befcb60d93f6f3b0fb*
`登陆天数: 35天 / 672天
等级: 130
石头: 4075
呼符: 132
体力: 28.293333333333337 / 138
友情点: 0 / 387935`
_2024-06-27 04:24:49_
--------
*a2d111d33adad87037fe3d9ae11c00ef*
`登陆天数: 35天 / 672天
等级: 130
石头: 4077
呼符: 38
体力: 28.263333333333335 / 138
友情点: 0 / 388035`
_2024-06-27 04:24:57_
--------
*92b9264415d56def0af7b3d01e734896*
`登陆天数: 36天 / 674天
等级: 130
石头: 4084
呼符: 295
体力: 28.233333333333334 / 138
友情点: 0 / 389315`
_2024-06-27 04:25:05_
--------
*d95136c6a9962e3429ac9025bc2be43d*
`登陆天数: 36天 / 673天
等级: 130
石头: 4078
呼符: 174
体力: 28.203333333333333 / 138
友情点: 0 / 390440`
_2024-06-27 04:25:12_
--------
*c1903336d6a4a100128eb0db008e7338*
`登陆天数: 35天 / 673天
等级: 130
石头: 4069
呼符: 221
体力: 28.173333333333332 / 138
友情点: 0 / 390520`
_2024-06-27 04:25:20_
--------
*e86d748fa3290322649a8680760f0519*
`登陆天数: 35天 / 672天
等级: 130
石头: 4082
呼符: 185
体力: 28.13666666666667 / 138
友情点: 0 / 390190`
_2024-06-27 04:25:28_
--------
*25c4b0f5786e8cbae7de775e47ea797d*
`登陆天数: 35天 / 672天
等级: 130
石头: 4085
呼符: 131
体力: 28.11 / 138
友情点: 0 / 388295`
_2024-06-27 04:25:36_
--------
*c94f8fb36a40f6022e81c3fac4426aa0*
`登陆天数: 35天 / 672天
等级: 130
石头: 4059
呼符: 94
体力: 28.08 / 138
友情点: 0 / 390335`
_2024-06-27 04:25:43_
--------
*55ddef8f1bc8f01e1753b3e72dc30a5f*
`登陆天数: 35天 / 672天
等级: 130
石头: 4067
呼符: 324
体力: 28.046666666666667 / 138
友情点: 0 / 388505`
_2024-06-27 04:25:51_
--------
*16decacabe495a74848cfc1b7124673d*
`登陆天数: 35天 / 673天
等级: 130
石头: 4066
呼符: 299
体力: 28.013333333333335 / 138
友情点: 0 / 389800`
_2024-06-27 04:25:59_
--------
*f287e413d279c4ebbef4732751cab640*
`登陆天数: 35天 / 672天
等级: 130
石头: 4076
呼符: 167
体力: 27.983333333333334 / 138
友情点: 0 / 388750`
_2024-06-27 04:26:06_
--------
*57cf3a3a73d2edebd9f130be3d16efa8*
`登陆天数: 35天 / 672天
等级: 130
石头: 4079
呼符: 332
体力: 27.953333333333333 / 138
友情点: 0 / 388770`
_2024-06-27 04:26:14_
--------
*d350c31765994643f0e6ddea1e9d06bc*
`登陆天数: 35天 / 672天
等级: 130
石头: 4075
呼符: 58
体力: 27.923333333333332 / 138
友情点: 0 / 387985`
_2024-06-27 04:26:22_
--------
*4e55cf445ee0c2ef6253265cd6a3a929*
`登陆天数: 35天 / 673天
等级: 130
石头: 4059
呼符: 275
体力: 27.89333333333333 / 138
友情点: 0 / 390230`
_2024-06-27 04:26:29_
--------
*dad5adc84ce5abe077fda114f16a9d05*
`登陆天数: 35天 / 673天
等级: 130
石头: 4071
呼符: 334
体力: 27.86 / 138
友情点: 0 / 388680`
_2024-06-27 04:26:37_
--------
*921d1c4ed87ac1ab10c1b0a04bd2c8ed*
`登陆天数: 35天 / 672天
等级: 130
石头: 4078
呼符: 200
体力: 27.83 / 138
友情点: 0 / 389000`
_2024-06-27 04:26:45_
--------
*40f3d861aee0cf84d4a0840d8c372a5b*
`登陆天数: 35天 / 673天
等级: 130
石头: 4082
呼符: 39
体力: 27.799999999999997 / 138
友情点: 0 / 387945`
_2024-06-27 04:26:52_
--------
*603275524416c3912f5024c92d0f961c*
`登陆天数: 35天 / 673天
等级: 130
石头: 4075
呼符: 123
体力: 27.769999999999996 / 138
友情点: 0 / 387960`
_2024-06-27 04:27:00_
--------
*8bf7f0b496e73e90108108064c8d1025*
`登陆天数: 35天 / 673天
等级: 130
石头: 4082
呼符: 320
体力: 27.739999999999995 / 138
友情点: 0 / 388470`
_2024-06-27 04:27:08_
--------
*b38de19acd62fb60fb8f48094a7e6813*
`登陆天数: 35天 / 672天
等级: 130
石头: 4068
呼符: 278
体力: 27.709999999999994 / 138
友情点: 0 / 389815`
_2024-06-27 04:27:15_
--------
*f6068f076a4e7f9a194989fc309aa340*
`登陆天数: 35天 / 673天
等级: 130
石头: 4075
呼符: 301
体力: 27.683333333333337 / 138
友情点: 0 / 390150`
_2024-06-27 04:27:23_
--------
*3d3c0c635910338891ca3735b496d68b*
`登陆天数: 35天 / 673天
等级: 130
石头: 4081
呼符: 265
体力: 27.650000000000006 / 138
友情点: 0 / 389440`
_2024-06-27 04:27:31_
--------
*f85936368c865168333f51d37af18328*
`登陆天数: 35天 / 672天
等级: 130
石头: 4083
呼符: 306
体力: 27.623333333333335 / 138
友情点: 0 / 388415`
_2024-06-27 04:27:39_
--------
*0e127942d2b21f0f50bb59b200354392*
`登陆天数: 35天 / 672天
等级: 130
石头: 4035
呼符: 38
体力: 27.593333333333334 / 138
友情点: 0 / 388935`
_2024-06-27 04:27:46_
--------
*9278fb48ad8e6de8eea81e0bacf56a50*
`登陆天数: 35天 / 672天
等级: 130
石头: 4050
呼符: 329
体力: 27.566666666666663 / 138
友情点: 0 / 389065`
_2024-06-27 04:27:54_
--------
*fccb293dd278a1ddbe1c4e640e5d8090*
`登陆天数: 35天 / 672天
等级: 130
石头: 4084
呼符: 48
体力: 27.53333333333333 / 138
友情点: 0 / 388425`
_2024-06-27 04:28:02_
--------
*e26c99efcc945ff9fce53bea9cbbd044*
`登陆天数: 35天 / 672天
等级: 130
石头: 4066
呼符: 153
体力: 27.50666666666666 / 138
友情点: 0 / 388595`
_2024-06-27 04:28:10_
--------
*fc7a7e0a25e6e85660990a6936b8a0f0*
`登陆天数: 35天 / 672天
等级: 130
石头: 4083
呼符: 308
体力: 27.476666666666674 / 138
友情点: 0 / 389775`
_2024-06-27 04:28:17_
--------
*cebfff55ba19ca3a7e5a1f3940a83ac0*
`登陆天数: 35天 / 672天
等级: 130
石头: 4078
呼符: 243
体力: 27.446666666666673 / 138
友情点: 0 / 387585`
_2024-06-27 04:28:25_
--------
*6767965d649129adb0955418f8601cee*
`登陆天数: 35天 / 672天
等级: 130
石头: 4076
呼符: 287
体力: 27.413333333333327 / 138
友情点: 0 / 391925`
_2024-06-27 04:28:33_
--------
*979aafaf82d347a492d0bbf372a5b43a*
`登陆天数: 35天 / 673天
等级: 130
石头: 4074
呼符: 39
体力: 27.38666666666667 / 138
友情点: 0 / 390405`
_2024-06-27 04:28:41_
--------
*2447b142c61b9ad7ceaac321c88153cb*
`登陆天数: 35天 / 673天
等级: 130
石头: 4077
呼符: 325
体力: 27.35666666666667 / 138
友情点: 0 / 387640`
_2024-06-27 04:28:49_
--------
*58e2bbca08853ce0bb8071a5e9d0ee89*
`登陆天数: 35天 / 672天
等级: 130
石头: 4069
呼符: 146
体力: 27.326666666666668 / 138
友情点: 0 / 387065`
_2024-06-27 04:28:56_
--------
*25d49ff78b6eb76ebd8cdee0b5df4e05*
`登陆天数: 35天 / 673天
等级: 130
石头: 4079
呼符: 207
体力: 27.293333333333337 / 138
友情点: 0 / 387655`
_2024-06-27 04:29:04_
--------
*d4e316ee7b1f93fb6a25aae62d13847d*
`登陆天数: 35天 / 673天
等级: 130
石头: 4074
呼符: 289
体力: 27.093333333333334 / 138
友情点: 0 / 405320`
_2024-06-27 04:29:12_
--------
