【登录信息】
*0a62c18e26790886093c447330334361*
`登陆天数: 37天 / 675天
等级: 130
石头: 4098
呼符: 54
体力: 28.430000000000007 / 138
友情点: 0 / 386205`
_2024-06-29 04:21:17_
--------
*794b11a146cf4e5bfd8bf1dfb37f8cf5*
`登陆天数: 37天 / 675天
等级: 130
石头: 4105
呼符: 318
体力: 28.403333333333336 / 138
友情点: 0 / 379575`
_2024-06-29 04:21:25_
--------
*869935bdb3f557990e9463c39a5fc84e*
`登陆天数: 37天 / 675天
等级: 130
石头: 4095
呼符: 324
体力: 28.373333333333335 / 138
友情点: 0 / 377460`
_2024-06-29 04:21:33_
--------
*4204891a7ad304e59437ba6e9fcf888d*
`登陆天数: 37天 / 675天
等级: 130
石头: 4103
呼符: 303
体力: 28.343333333333334 / 138
友情点: 0 / 378075`
_2024-06-29 04:21:41_
--------
*612a2ba04fa9b4b4eae112c013e39283*
`登陆天数: 37天 / 674天
等级: 130
石头: 4100
呼符: 38
体力: 28.313333333333333 / 138
友情点: 0 / 402590`
_2024-06-29 04:21:49_
--------
*e33b82ae8f432438164e3188479adfd4*
`登陆天数: 37天 / 674天
等级: 130
石头: 4051
呼符: 324
体力: 28.28666666666666 / 138
友情点: 0 / 380420`
_2024-06-29 04:21:57_
--------
*5cb3fc21ffde8ff97331bf2bc615f922*
`登陆天数: 37天 / 674天
等级: 130
石头: 4098
呼符: 106
体力: 28.260000000000005 / 138
友情点: 0 / 381555`
_2024-06-29 04:22:06_
--------
*1424fb88578fb0510168b43bdb942bdd*
`登陆天数: 37天 / 674天
等级: 130
石头: 4098
呼符: 72
体力: 28.230000000000004 / 138
友情点: 0 / 387355`
_2024-06-29 04:22:14_
--------
*2348592468fe7a90dffabbca982e5b10*
`登陆天数: 37天 / 674天
等级: 130
石头: 4097
呼符: 38
体力: 28.203333333333333 / 138
友情点: 0 / 386740`
_2024-06-29 04:22:22_
--------
*9b233ec48f0aebf215db9099f75e2314*
`登陆天数: 37天 / 675天
等级: 130
石头: 4091
呼符: 335
体力: 28.173333333333332 / 138
友情点: 0 / 378985`
_2024-06-29 04:22:30_
--------
*fd318cb78011cd5d1af546eeb7bb4b94*
`登陆天数: 37天 / 675天
等级: 130
石头: 4056
呼符: 332
体力: 28.14333333333333 / 138
友情点: 0 / 377750`
_2024-06-29 04:22:39_
--------
*692604e9941cbeec2b0b3ee54ae7804d*
`登陆天数: 37天 / 675天
等级: 130
石头: 4096
呼符: 269
体力: 28.11333333333333 / 138
友情点: 0 / 377675`
_2024-06-29 04:22:46_
--------
*19b0e1a2228ce591e28b0d022b6da1ca*
`登陆天数: 37天 / 675天
等级: 130
石头: 4101
呼符: 89
体力: 28.076666666666668 / 138
友情点: 0 / 392560`
_2024-06-29 04:22:54_
--------
*19ef3504c876bd29e4c5eb178d504bca*
`登陆天数: 37天 / 674天
等级: 130
石头: 4076
呼符: 280
体力: 28.049999999999997 / 138
友情点: 0 / 377950`
_2024-06-29 04:23:03_
--------
*5e2131975b61e566df8ab7d3533f01d2*
`登陆天数: 37天 / 674天
等级: 130
石头: 4099
呼符: 217
体力: 28.016666666666666 / 138
友情点: 0 / 378150`
_2024-06-29 04:23:11_
--------
*77183952f89cd2befcb60d93f6f3b0fb*
`登陆天数: 37天 / 674天
等级: 130
石头: 4095
呼符: 132
体力: 27.986666666666665 / 138
友情点: 0 / 381935`
_2024-06-29 04:23:20_
--------
*a2d111d33adad87037fe3d9ae11c00ef*
`登陆天数: 37天 / 674天
等级: 130
石头: 4097
呼符: 38
体力: 27.959999999999994 / 138
友情点: 0 / 390035`
_2024-06-29 04:23:28_
--------
*92b9264415d56def0af7b3d01e734896*
`登陆天数: 38天 / 676天
等级: 130
石头: 4104
呼符: 295
体力: 27.933333333333337 / 138
友情点: 0 / 377315`
_2024-06-29 04:23:36_
--------
*d95136c6a9962e3429ac9025bc2be43d*
`登陆天数: 38天 / 675天
等级: 130
石头: 4098
呼符: 174
体力: 27.903333333333336 / 138
友情点: 0 / 378440`
_2024-06-29 04:23:44_
--------
*c1903336d6a4a100128eb0db008e7338*
`登陆天数: 37天 / 675天
等级: 130
石头: 4089
呼符: 221
体力: 27.873333333333335 / 138
友情点: 0 / 380520`
_2024-06-29 04:23:52_
--------
*e86d748fa3290322649a8680760f0519*
`登陆天数: 37天 / 674天
等级: 130
石头: 4102
呼符: 185
体力: 27.846666666666664 / 138
友情点: 0 / 380190`
_2024-06-29 04:24:00_
--------
*25c4b0f5786e8cbae7de775e47ea797d*
`登陆天数: 37天 / 674天
等级: 130
石头: 4105
呼符: 131
体力: 27.816666666666663 / 138
友情点: 0 / 380295`
_2024-06-29 04:24:08_
--------
*c94f8fb36a40f6022e81c3fac4426aa0*
`登陆天数: 37天 / 674天
等级: 130
石头: 4079
呼符: 94
体力: 27.78666666666666 / 138
友情点: 0 / 380335`
_2024-06-29 04:24:16_
--------
*55ddef8f1bc8f01e1753b3e72dc30a5f*
`登陆天数: 37天 / 674天
等级: 130
石头: 4087
呼符: 324
体力: 27.763333333333335 / 138
友情点: 0 / 378505`
_2024-06-29 04:24:25_
--------
*16decacabe495a74848cfc1b7124673d*
`登陆天数: 37天 / 675天
等级: 130
石头: 4086
呼符: 299
体力: 27.733333333333334 / 138
友情点: 0 / 379800`
_2024-06-29 04:24:33_
--------
*f287e413d279c4ebbef4732751cab640*
`登陆天数: 37天 / 674天
等级: 130
石头: 4096
呼符: 167
体力: 27.703333333333333 / 138
友情点: 0 / 378750`
_2024-06-29 04:24:41_
--------
*57cf3a3a73d2edebd9f130be3d16efa8*
`登陆天数: 37天 / 674天
等级: 130
石头: 4099
呼符: 332
体力: 27.676666666666662 / 138
友情点: 0 / 378770`
_2024-06-29 04:24:50_
--------
*d350c31765994643f0e6ddea1e9d06bc*
`登陆天数: 37天 / 674天
等级: 130
石头: 4095
呼符: 58
体力: 27.64666666666666 / 138
友情点: 0 / 383985`
_2024-06-29 04:24:58_
--------
*4e55cf445ee0c2ef6253265cd6a3a929*
`登陆天数: 37天 / 675天
等级: 130
石头: 4079
呼符: 275
体力: 27.623333333333335 / 138
友情点: 0 / 380230`
_2024-06-29 04:25:06_
--------
*dad5adc84ce5abe077fda114f16a9d05*
`登陆天数: 37天 / 675天
等级: 130
石头: 4091
呼符: 334
体力: 27.593333333333334 / 138
友情点: 0 / 378680`
_2024-06-29 04:25:14_
--------
*921d1c4ed87ac1ab10c1b0a04bd2c8ed*
`登陆天数: 37天 / 674天
等级: 130
石头: 4098
呼符: 200
体力: 27.563333333333333 / 138
友情点: 0 / 379000`
_2024-06-29 04:25:22_
--------
*40f3d861aee0cf84d4a0840d8c372a5b*
`登陆天数: 37天 / 675天
等级: 130
石头: 4102
呼符: 39
体力: 27.53666666666666 / 138
友情点: 0 / 383945`
_2024-06-29 04:25:31_
--------
*603275524416c3912f5024c92d0f961c*
`登陆天数: 37天 / 675天
等级: 130
石头: 4095
呼符: 123
体力: 27.510000000000005 / 138
友情点: 0 / 377960`
_2024-06-29 04:25:39_
--------
*8bf7f0b496e73e90108108064c8d1025*
`登陆天数: 37天 / 675天
等级: 130
石头: 4102
呼符: 320
体力: 27.480000000000004 / 138
友情点: 0 / 378470`
_2024-06-29 04:25:47_
--------
*b38de19acd62fb60fb8f48094a7e6813*
`登陆天数: 37天 / 674天
等级: 130
石头: 4088
呼符: 278
体力: 27.450000000000003 / 138
友情点: 0 / 379815`
_2024-06-29 04:25:55_
--------
*f6068f076a4e7f9a194989fc309aa340*
`登陆天数: 37天 / 675天
等级: 130
石头: 4095
呼符: 301
体力: 27.423333333333332 / 138
友情点: 0 / 380150`
_2024-06-29 04:26:04_
--------
*3d3c0c635910338891ca3735b496d68b*
`登陆天数: 37天 / 675天
等级: 130
石头: 4101
呼符: 265
体力: 27.39 / 138
友情点: 0 / 379440`
_2024-06-29 04:26:12_
--------
*f85936368c865168333f51d37af18328*
`登陆天数: 37天 / 674天
等级: 130
石头: 4103
呼符: 306
体力: 27.36333333333333 / 138
友情点: 0 / 378415`
_2024-06-29 04:26:20_
--------
*0e127942d2b21f0f50bb59b200354392*
`登陆天数: 37天 / 674天
等级: 130
石头: 4055
呼符: 38
体力: 27.336666666666673 / 138
友情点: 0 / 382935`
_2024-06-29 04:26:28_
--------
*9278fb48ad8e6de8eea81e0bacf56a50*
`登陆天数: 37天 / 674天
等级: 130
石头: 4070
呼符: 329
体力: 27.310000000000002 / 138
友情点: 0 / 379065`
_2024-06-29 04:26:36_
--------
*fccb293dd278a1ddbe1c4e640e5d8090*
`登陆天数: 37天 / 674天
等级: 130
石头: 4104
呼符: 48
体力: 27.28 / 138
友情点: 0 / 384425`
_2024-06-29 04:26:44_
--------
*e26c99efcc945ff9fce53bea9cbbd044*
`登陆天数: 37天 / 674天
等级: 130
石头: 4086
呼符: 153
体力: 27.25333333333333 / 138
友情点: 0 / 378595`
_2024-06-29 04:26:53_
--------
*fc7a7e0a25e6e85660990a6936b8a0f0*
`登陆天数: 37天 / 674天
等级: 130
石头: 4103
呼符: 308
体力: 27.226666666666674 / 138
友情点: 0 / 379775`
_2024-06-29 04:27:01_
--------
*cebfff55ba19ca3a7e5a1f3940a83ac0*
`登陆天数: 37天 / 674天
等级: 130
石头: 4098
呼符: 243
体力: 27.196666666666673 / 138
友情点: 0 / 379585`
_2024-06-29 04:27:09_
--------
*6767965d649129adb0955418f8601cee*
`登陆天数: 37天 / 674天
等级: 130
石头: 4096
呼符: 287
体力: 27.176666666666662 / 138
友情点: 0 / 383925`
_2024-06-29 04:27:17_
--------
*979aafaf82d347a492d0bbf372a5b43a*
`登陆天数: 37天 / 675天
等级: 130
石头: 4094
呼符: 39
体力: 27.153333333333336 / 138
友情点: 0 / 392405`
_2024-06-29 04:27:26_
--------
*2447b142c61b9ad7ceaac321c88153cb*
`登陆天数: 37天 / 675天
等级: 130
石头: 4097
呼符: 325
体力: 27.13333333333334 / 138
友情点: 0 / 377640`
_2024-06-29 04:27:34_
--------
*58e2bbca08853ce0bb8071a5e9d0ee89*
`登陆天数: 37天 / 674天
等级: 130
石头: 4089
呼符: 146
体力: 27.10333333333334 / 138
友情点: 0 / 385065`
_2024-06-29 04:27:42_
--------
*25d49ff78b6eb76ebd8cdee0b5df4e05*
`登陆天数: 37天 / 675天
等级: 130
石头: 4099
呼符: 207
体力: 27.076666666666668 / 138
友情点: 0 / 377655`
_2024-06-29 04:27:51_
--------
*d4e316ee7b1f93fb6a25aae62d13847d*
`登陆天数: 37天 / 675天
等级: 130
石头: 4094
呼符: 289
体力: 26.60333333333334 / 138
友情点: 0 / 395320`
_2024-06-29 04:27:59_
--------
